{"C:\\Users\\TeeRedCom_H\\se-project-be-68-2-tkfastwork\\controllers\\coworkingSpaces.js": {"path":"C:\\Users\\TeeRedCom_H\\se-project-be-68-2-tkfastwork\\controllers\\coworkingSpaces.js","statementMap":{"0":{"start":{"line":1,"column":23},"end":{"line":1,"column":58}},"1":{"start":{"line":2,"column":20},"end":{"line":2,"column":52}},"2":{"start":{"line":3,"column":13},"end":{"line":3,"column":38}},"3":{"start":{"line":4,"column":18},"end":{"line":4,"column":43}},"4":{"start":{"line":9,"column":0},"end":{"line":76,"column":2}},"5":{"start":{"line":12,"column":21},"end":{"line":12,"column":35}},"6":{"start":{"line":14,"column":25},"end":{"line":14,"column":60}},"7":{"start":{"line":15,"column":4},"end":{"line":15,"column":58}},"8":{"start":{"line":15,"column":34},"end":{"line":15,"column":56}},"9":{"start":{"line":16,"column":4},"end":{"line":16,"column":26}},"10":{"start":{"line":18,"column":19},"end":{"line":18,"column":43}},"11":{"start":{"line":19,"column":4},"end":{"line":19,"column":80}},"12":{"start":{"line":19,"column":67},"end":{"line":19,"column":78}},"13":{"start":{"line":21,"column":19},"end":{"line":21,"column":39}},"14":{"start":{"line":23,"column":20},"end":{"line":23,"column":57}},"15":{"start":{"line":24,"column":4},"end":{"line":26,"column":5}},"16":{"start":{"line":25,"column":8},"end":{"line":25,"column":32}},"17":{"start":{"line":28,"column":4},"end":{"line":28,"column":65}},"18":{"start":{"line":30,"column":4},"end":{"line":33,"column":5}},"19":{"start":{"line":31,"column":23},"end":{"line":31,"column":60}},"20":{"start":{"line":32,"column":8},"end":{"line":32,"column":35}},"21":{"start":{"line":35,"column":4},"end":{"line":41,"column":5}},"22":{"start":{"line":36,"column":23},"end":{"line":36,"column":58}},"23":{"start":{"line":37,"column":8},"end":{"line":37,"column":35}},"24":{"start":{"line":40,"column":8},"end":{"line":40,"column":41}},"25":{"start":{"line":43,"column":17},"end":{"line":43,"column":49}},"26":{"start":{"line":44,"column":18},"end":{"line":44,"column":53}},"27":{"start":{"line":45,"column":23},"end":{"line":45,"column":41}},"28":{"start":{"line":46,"column":21},"end":{"line":46,"column":33}},"29":{"start":{"line":47,"column":18},"end":{"line":47,"column":55}},"30":{"start":{"line":49,"column":4},"end":{"line":49,"column":48}},"31":{"start":{"line":51,"column":4},"end":{"line":74,"column":5}},"32":{"start":{"line":52,"column":32},"end":{"line":52,"column":43}},"33":{"start":{"line":54,"column":27},"end":{"line":54,"column":29}},"34":{"start":{"line":56,"column":8},"end":{"line":61,"column":9}},"35":{"start":{"line":57,"column":12},"end":{"line":60,"column":13}},"36":{"start":{"line":63,"column":8},"end":{"line":68,"column":9}},"37":{"start":{"line":64,"column":12},"end":{"line":67,"column":13}},"38":{"start":{"line":70,"column":8},"end":{"line":70,"column":111}},"39":{"start":{"line":73,"column":8},"end":{"line":73,"column":46}},"40":{"start":{"line":81,"column":0},"end":{"line":101,"column":2}},"41":{"start":{"line":82,"column":4},"end":{"line":100,"column":5}},"42":{"start":{"line":83,"column":31},"end":{"line":83,"column":75}},"43":{"start":{"line":84,"column":8},"end":{"line":86,"column":9}},"44":{"start":{"line":85,"column":12},"end":{"line":85,"column":57}},"45":{"start":{"line":88,"column":24},"end":{"line":88,"column":61}},"46":{"start":{"line":89,"column":24},"end":{"line":90,"column":59}},"47":{"start":{"line":92,"column":8},"end":{"line":94,"column":9}},"48":{"start":{"line":93,"column":12},"end":{"line":93,"column":88}},"49":{"start":{"line":96,"column":8},"end":{"line":96,"column":66}},"50":{"start":{"line":99,"column":8},"end":{"line":99,"column":46}},"51":{"start":{"line":106,"column":0},"end":{"line":109,"column":2}},"52":{"start":{"line":107,"column":27},"end":{"line":107,"column":64}},"53":{"start":{"line":108,"column":4},"end":{"line":108,"column":63}},"54":{"start":{"line":114,"column":0},"end":{"line":128,"column":2}},"55":{"start":{"line":115,"column":4},"end":{"line":127,"column":5}},"56":{"start":{"line":116,"column":31},"end":{"line":119,"column":10}},"57":{"start":{"line":120,"column":8},"end":{"line":122,"column":9}},"58":{"start":{"line":121,"column":12},"end":{"line":121,"column":57}},"59":{"start":{"line":123,"column":8},"end":{"line":123,"column":66}},"60":{"start":{"line":126,"column":8},"end":{"line":126,"column":46}},"61":{"start":{"line":133,"column":0},"end":{"line":217,"column":2}},"62":{"start":{"line":134,"column":4},"end":{"line":216,"column":5}},"63":{"start":{"line":135,"column":31},"end":{"line":135,"column":75}},"64":{"start":{"line":136,"column":8},"end":{"line":138,"column":9}},"65":{"start":{"line":137,"column":12},"end":{"line":137,"column":88}},"66":{"start":{"line":140,"column":24},"end":{"line":140,"column":49}},"67":{"start":{"line":141,"column":24},"end":{"line":142,"column":59}},"68":{"start":{"line":144,"column":8},"end":{"line":149,"column":9}},"69":{"start":{"line":145,"column":12},"end":{"line":148,"column":15}},"70":{"start":{"line":151,"column":27},"end":{"line":151,"column":51}},"71":{"start":{"line":152,"column":8},"end":{"line":152,"column":61}},"72":{"start":{"line":153,"column":8},"end":{"line":153,"column":36}},"73":{"start":{"line":155,"column":8},"end":{"line":208,"column":9}},"74":{"start":{"line":156,"column":24},"end":{"line":156,"column":34}},"75":{"start":{"line":157,"column":39},"end":{"line":160,"column":14}},"76":{"start":{"line":162,"column":34},"end":{"line":164,"column":14}},"77":{"start":{"line":163,"column":44},"end":{"line":163,"column":61}},"78":{"start":{"line":165,"column":34},"end":{"line":165,"column":82}},"79":{"start":{"line":167,"column":12},"end":{"line":207,"column":13}},"80":{"start":{"line":168,"column":41},"end":{"line":170,"column":17}},"81":{"start":{"line":169,"column":25},"end":{"line":169,"column":66}},"82":{"start":{"line":172,"column":36},"end":{"line":181,"column":123}},"83":{"start":{"line":173,"column":20},"end":{"line":180,"column":26}},"84":{"start":{"line":183,"column":16},"end":{"line":206,"column":17}},"85":{"start":{"line":184,"column":20},"end":{"line":203,"column":23}},"86":{"start":{"line":205,"column":20},"end":{"line":205,"column":112}},"87":{"start":{"line":210,"column":8},"end":{"line":213,"column":11}},"88":{"start":{"line":215,"column":8},"end":{"line":215,"column":49}},"89":{"start":{"line":222,"column":0},"end":{"line":235,"column":2}},"90":{"start":{"line":223,"column":4},"end":{"line":234,"column":5}},"91":{"start":{"line":224,"column":31},"end":{"line":224,"column":75}},"92":{"start":{"line":225,"column":8},"end":{"line":227,"column":9}},"93":{"start":{"line":226,"column":12},"end":{"line":226,"column":57}},"94":{"start":{"line":228,"column":8},"end":{"line":228,"column":72}},"95":{"start":{"line":229,"column":8},"end":{"line":229,"column":63}},"96":{"start":{"line":230,"column":8},"end":{"line":230,"column":55}},"97":{"start":{"line":233,"column":8},"end":{"line":233,"column":46}}},"fnMap":{"0":{"name":"(anonymous_0)","decl":{"start":{"line":9,"column":29},"end":{"line":9,"column":30}},"loc":{"start":{"line":9,"column":55},"end":{"line":76,"column":1}},"line":9},"1":{"name":"(anonymous_1)","decl":{"start":{"line":15,"column":25},"end":{"line":15,"column":26}},"loc":{"start":{"line":15,"column":34},"end":{"line":15,"column":56}},"line":15},"2":{"name":"(anonymous_2)","decl":{"start":{"line":19,"column":58},"end":{"line":19,"column":59}},"loc":{"start":{"line":19,"column":67},"end":{"line":19,"column":78}},"line":19},"3":{"name":"(anonymous_3)","decl":{"start":{"line":81,"column":28},"end":{"line":81,"column":29}},"loc":{"start":{"line":81,"column":54},"end":{"line":101,"column":1}},"line":81},"4":{"name":"(anonymous_4)","decl":{"start":{"line":106,"column":31},"end":{"line":106,"column":32}},"loc":{"start":{"line":106,"column":57},"end":{"line":109,"column":1}},"line":106},"5":{"name":"(anonymous_5)","decl":{"start":{"line":114,"column":31},"end":{"line":114,"column":32}},"loc":{"start":{"line":114,"column":57},"end":{"line":128,"column":1}},"line":114},"6":{"name":"(anonymous_6)","decl":{"start":{"line":133,"column":27},"end":{"line":133,"column":28}},"loc":{"start":{"line":133,"column":53},"end":{"line":217,"column":1}},"line":133},"7":{"name":"(anonymous_7)","decl":{"start":{"line":163,"column":39},"end":{"line":163,"column":40}},"loc":{"start":{"line":163,"column":44},"end":{"line":163,"column":61}},"line":163},"8":{"name":"(anonymous_8)","decl":{"start":{"line":169,"column":20},"end":{"line":169,"column":21}},"loc":{"start":{"line":169,"column":25},"end":{"line":169,"column":66}},"line":169},"9":{"name":"(anonymous_9)","decl":{"start":{"line":172,"column":57},"end":{"line":172,"column":58}},"loc":{"start":{"line":173,"column":20},"end":{"line":180,"column":26}},"line":173},"10":{"name":"(anonymous_10)","decl":{"start":{"line":222,"column":31},"end":{"line":222,"column":32}},"loc":{"start":{"line":222,"column":57},"end":{"line":235,"column":1}},"line":222}},"branchMap":{"0":{"loc":{"start":{"line":23,"column":20},"end":{"line":23,"column":57}},"type":"binary-expr","locations":[{"start":{"line":23,"column":20},"end":{"line":23,"column":28}},{"start":{"line":23,"column":32},"end":{"line":23,"column":57}}],"line":23},"1":{"loc":{"start":{"line":24,"column":4},"end":{"line":26,"column":5}},"type":"if","locations":[{"start":{"line":24,"column":4},"end":{"line":26,"column":5}},{"start":{},"end":{}}],"line":24},"2":{"loc":{"start":{"line":24,"column":8},"end":{"line":24,"column":48}},"type":"binary-expr","locations":[{"start":{"line":24,"column":8},"end":{"line":24,"column":16}},{"start":{"line":24,"column":20},"end":{"line":24,"column":48}}],"line":24},"3":{"loc":{"start":{"line":30,"column":4},"end":{"line":33,"column":5}},"type":"if","locations":[{"start":{"line":30,"column":4},"end":{"line":33,"column":5}},{"start":{},"end":{}}],"line":30},"4":{"loc":{"start":{"line":35,"column":4},"end":{"line":41,"column":5}},"type":"if","locations":[{"start":{"line":35,"column":4},"end":{"line":41,"column":5}},{"start":{"line":39,"column":8},"end":{"line":41,"column":5}}],"line":35},"5":{"loc":{"start":{"line":43,"column":17},"end":{"line":43,"column":49}},"type":"binary-expr","locations":[{"start":{"line":43,"column":17},"end":{"line":43,"column":44}},{"start":{"line":43,"column":48},"end":{"line":43,"column":49}}],"line":43},"6":{"loc":{"start":{"line":44,"column":18},"end":{"line":44,"column":53}},"type":"binary-expr","locations":[{"start":{"line":44,"column":18},"end":{"line":44,"column":47}},{"start":{"line":44,"column":51},"end":{"line":44,"column":53}}],"line":44},"7":{"loc":{"start":{"line":56,"column":8},"end":{"line":61,"column":9}},"type":"if","locations":[{"start":{"line":56,"column":8},"end":{"line":61,"column":9}},{"start":{},"end":{}}],"line":56},"8":{"loc":{"start":{"line":63,"column":8},"end":{"line":68,"column":9}},"type":"if","locations":[{"start":{"line":63,"column":8},"end":{"line":68,"column":9}},{"start":{},"end":{}}],"line":63},"9":{"loc":{"start":{"line":84,"column":8},"end":{"line":86,"column":9}},"type":"if","locations":[{"start":{"line":84,"column":8},"end":{"line":86,"column":9}},{"start":{},"end":{}}],"line":84},"10":{"loc":{"start":{"line":88,"column":24},"end":{"line":88,"column":61}},"type":"binary-expr","locations":[{"start":{"line":88,"column":24},"end":{"line":88,"column":32}},{"start":{"line":88,"column":36},"end":{"line":88,"column":61}}],"line":88},"11":{"loc":{"start":{"line":89,"column":24},"end":{"line":90,"column":59}},"type":"binary-expr","locations":[{"start":{"line":89,"column":24},"end":{"line":89,"column":32}},{"start":{"line":89,"column":36},"end":{"line":89,"column":56}},{"start":{"line":90,"column":12},"end":{"line":90,"column":59}}],"line":89},"12":{"loc":{"start":{"line":92,"column":8},"end":{"line":94,"column":9}},"type":"if","locations":[{"start":{"line":92,"column":8},"end":{"line":94,"column":9}},{"start":{},"end":{}}],"line":92},"13":{"loc":{"start":{"line":92,"column":12},"end":{"line":92,"column":61}},"type":"binary-expr","locations":[{"start":{"line":92,"column":12},"end":{"line":92,"column":37}},{"start":{"line":92,"column":41},"end":{"line":92,"column":49}},{"start":{"line":92,"column":53},"end":{"line":92,"column":61}}],"line":92},"14":{"loc":{"start":{"line":120,"column":8},"end":{"line":122,"column":9}},"type":"if","locations":[{"start":{"line":120,"column":8},"end":{"line":122,"column":9}},{"start":{},"end":{}}],"line":120},"15":{"loc":{"start":{"line":136,"column":8},"end":{"line":138,"column":9}},"type":"if","locations":[{"start":{"line":136,"column":8},"end":{"line":138,"column":9}},{"start":{},"end":{}}],"line":136},"16":{"loc":{"start":{"line":141,"column":24},"end":{"line":142,"column":59}},"type":"binary-expr","locations":[{"start":{"line":141,"column":24},"end":{"line":141,"column":44}},{"start":{"line":142,"column":12},"end":{"line":142,"column":59}}],"line":141},"17":{"loc":{"start":{"line":144,"column":8},"end":{"line":149,"column":9}},"type":"if","locations":[{"start":{"line":144,"column":8},"end":{"line":149,"column":9}},{"start":{},"end":{}}],"line":144},"18":{"loc":{"start":{"line":144,"column":12},"end":{"line":144,"column":32}},"type":"binary-expr","locations":[{"start":{"line":144,"column":12},"end":{"line":144,"column":20}},{"start":{"line":144,"column":24},"end":{"line":144,"column":32}}],"line":144},"19":{"loc":{"start":{"line":155,"column":8},"end":{"line":208,"column":9}},"type":"if","locations":[{"start":{"line":155,"column":8},"end":{"line":208,"column":9}},{"start":{},"end":{}}],"line":155},"20":{"loc":{"start":{"line":155,"column":12},"end":{"line":155,"column":51}},"type":"binary-expr","locations":[{"start":{"line":155,"column":12},"end":{"line":155,"column":22}},{"start":{"line":155,"column":26},"end":{"line":155,"column":51}}],"line":155},"21":{"loc":{"start":{"line":225,"column":8},"end":{"line":227,"column":9}},"type":"if","locations":[{"start":{"line":225,"column":8},"end":{"line":227,"column":9}},{"start":{},"end":{}}],"line":225}},"s":{"0":1,"1":1,"2":1,"3":1,"4":1,"5":10,"6":10,"7":10,"8":40,"9":10,"10":10,"11":10,"12":2,"13":10,"14":10,"15":10,"16":9,"17":10,"18":10,"19":1,"20":1,"21":10,"22":1,"23":1,"24":9,"25":10,"26":10,"27":10,"28":10,"29":10,"30":10,"31":10,"32":10,"33":9,"34":9,"35":1,"36":9,"37":1,"38":9,"39":1,"40":1,"41":6,"42":6,"43":5,"44":1,"45":4,"46":4,"47":4,"48":1,"49":3,"50":1,"51":1,"52":1,"53":1,"54":1,"55":3,"56":3,"57":2,"58":1,"59":1,"60":1,"61":1,"62":8,"63":8,"64":7,"65":1,"66":6,"67":6,"68":6,"69":1,"70":5,"71":5,"72":5,"73":5,"74":4,"75":4,"76":4,"77":3,"78":4,"79":4,"80":2,"81":3,"82":2,"83":3,"84":2,"85":2,"86":1,"87":5,"88":1,"89":1,"90":3,"91":3,"92":2,"93":1,"94":1,"95":1,"96":1,"97":1},"f":{"0":10,"1":40,"2":2,"3":6,"4":1,"5":3,"6":8,"7":3,"8":3,"9":3,"10":3},"b":{"0":[10,2],"1":[9,1],"2":[10,2],"3":[1,9],"4":[1,9],"5":[10,8],"6":[10,8],"7":[1,8],"8":[1,8],"9":[1,4],"10":[4,3],"11":[4,3,3],"12":[1,3],"13":[4,3,2],"14":[1,1],"15":[1,6],"16":[6,5],"17":[1,5],"18":[6,2],"19":[4,1],"20":[5,4],"21":[1,1]},"_coverageSchema":"1a1c01bbd47fc00a2c39e90264f33305004495a9","hash":"6aac4fedf61be11784c5da62f430efda2116540a"}
,"C:\\Users\\TeeRedCom_H\\se-project-be-68-2-tkfastwork\\models\\CoworkingSpace.js": {"path":"C:\\Users\\TeeRedCom_H\\se-project-be-68-2-tkfastwork\\models\\CoworkingSpace.js","statementMap":{"0":{"start":{"line":1,"column":17},"end":{"line":1,"column":36}},"1":{"start":{"line":3,"column":29},"end":{"line":34,"column":2}},"2":{"start":{"line":36,"column":0},"end":{"line":41,"column":3}},"3":{"start":{"line":43,"column":0},"end":{"line":43,"column":72}}},"fnMap":{},"branchMap":{},"s":{"0":1,"1":1,"2":1,"3":1},"f":{},"b":{},"_coverageSchema":"1a1c01bbd47fc00a2c39e90264f33305004495a9","hash":"273802b051894ce4fb268994a2a5a209c018545b"}
,"C:\\Users\\TeeRedCom_H\\se-project-be-68-2-tkfastwork\\models\\Reservation.js": {"path":"C:\\Users\\TeeRedCom_H\\se-project-be-68-2-tkfastwork\\models\\Reservation.js","statementMap":{"0":{"start":{"line":1,"column":17},"end":{"line":1,"column":36}},"1":{"start":{"line":3,"column":26},"end":{"line":33,"column":2}},"2":{"start":{"line":35,"column":0},"end":{"line":35,"column":37}},"3":{"start":{"line":36,"column":0},"end":{"line":36,"column":47}},"4":{"start":{"line":37,"column":0},"end":{"line":37,"column":37}},"5":{"start":{"line":39,"column":0},"end":{"line":39,"column":66}}},"fnMap":{},"branchMap":{},"s":{"0":1,"1":1,"2":1,"3":1,"4":1,"5":1},"f":{},"b":{},"_coverageSchema":"1a1c01bbd47fc00a2c39e90264f33305004495a9","hash":"d81ca93c8ed319d867a230c202f865bd71abb324"}
,"C:\\Users\\TeeRedCom_H\\se-project-be-68-2-tkfastwork\\models\\User.js": {"path":"C:\\Users\\TeeRedCom_H\\se-project-be-68-2-tkfastwork\\models\\User.js","statementMap":{"0":{"start":{"line":1,"column":15},"end":{"line":1,"column":34}},"1":{"start":{"line":2,"column":15},"end":{"line":2,"column":34}},"2":{"start":{"line":3,"column":12},"end":{"line":3,"column":35}},"3":{"start":{"line":5,"column":17},"end":{"line":44,"column":2}},"4":{"start":{"line":47,"column":0},"end":{"line":50,"column":3}},"5":{"start":{"line":48,"column":17},"end":{"line":48,"column":41}},"6":{"start":{"line":49,"column":4},"end":{"line":49,"column":59}},"7":{"start":{"line":53,"column":0},"end":{"line":58,"column":1}},"8":{"start":{"line":54,"column":4},"end":{"line":56,"column":7}},"9":{"start":{"line":61,"column":0},"end":{"line":64,"column":1}},"10":{"start":{"line":62,"column":4},"end":{"line":62,"column":64}},"11":{"start":{"line":66,"column":0},"end":{"line":66,"column":51}}},"fnMap":{"0":{"name":"(anonymous_0)","decl":{"start":{"line":47,"column":23},"end":{"line":47,"column":24}},"loc":{"start":{"line":47,"column":43},"end":{"line":50,"column":1}},"line":47},"1":{"name":"(anonymous_1)","decl":{"start":{"line":53,"column":39},"end":{"line":53,"column":40}},"loc":{"start":{"line":53,"column":49},"end":{"line":58,"column":1}},"line":53},"2":{"name":"(anonymous_2)","decl":{"start":{"line":61,"column":35},"end":{"line":61,"column":36}},"loc":{"start":{"line":61,"column":66},"end":{"line":64,"column":1}},"line":61}},"branchMap":{},"s":{"0":2,"1":2,"2":2,"3":2,"4":2,"5":1,"6":1,"7":2,"8":1,"9":2,"10":1,"11":2},"f":{"0":1,"1":1,"2":1},"b":{},"_coverageSchema":"1a1c01bbd47fc00a2c39e90264f33305004495a9","hash":"1399757680c7f34d5439087c9fb92cd4c8279e90"}
,"C:\\Users\\TeeRedCom_H\\se-project-be-68-2-tkfastwork\\utils\\email.js": {"path":"C:\\Users\\TeeRedCom_H\\se-project-be-68-2-tkfastwork\\utils\\email.js","statementMap":{"0":{"start":{"line":1,"column":19},"end":{"line":1,"column":40}},"1":{"start":{"line":3,"column":18},"end":{"line":23,"column":1}},"2":{"start":{"line":4,"column":4},"end":{"line":22,"column":5}},"3":{"start":{"line":5,"column":28},"end":{"line":12,"column":10}},"4":{"start":{"line":13,"column":8},"end":{"line":19,"column":11}},"5":{"start":{"line":21,"column":8},"end":{"line":21,"column":67}},"6":{"start":{"line":25,"column":0},"end":{"line":25,"column":27}}},"fnMap":{"0":{"name":"(anonymous_0)","decl":{"start":{"line":3,"column":18},"end":{"line":3,"column":19}},"loc":{"start":{"line":3,"column":69},"end":{"line":23,"column":1}},"line":3}},"branchMap":{"0":{"loc":{"start":{"line":3,"column":46},"end":{"line":3,"column":62}},"type":"default-arg","locations":[{"start":{"line":3,"column":60},"end":{"line":3,"column":62}}],"line":3},"1":{"loc":{"start":{"line":7,"column":18},"end":{"line":7,"column":57}},"type":"binary-expr","locations":[{"start":{"line":7,"column":18},"end":{"line":7,"column":50}},{"start":{"line":7,"column":54},"end":{"line":7,"column":57}}],"line":7},"2":{"loc":{"start":{"line":14,"column":18},"end":{"line":14,"column":69}},"type":"binary-expr","locations":[{"start":{"line":14,"column":18},"end":{"line":14,"column":40}},{"start":{"line":14,"column":44},"end":{"line":14,"column":69}}],"line":14}},"s":{"0":2,"1":2,"2":2,"3":2,"4":2,"5":1,"6":2},"f":{"0":2},"b":{"0":[2],"1":[2,2],"2":[2,2]},"_coverageSchema":"1a1c01bbd47fc00a2c39e90264f33305004495a9","hash":"ab32c80166342cc4ca269520b9505c206f671bc6"}
}
