{"/home/Monasm/se-project/se-project-be-68-2-tkfastwork/controllers/reports.js": {"path":"/home/Monasm/se-project/se-project-be-68-2-tkfastwork/controllers/reports.js","statementMap":{"0":{"start":{"line":1,"column":13},"end":{"line":1,"column":38}},"1":{"start":{"line":2,"column":57},"end":{"line":2,"column":94}},"2":{"start":{"line":3,"column":53},"end":{"line":3,"column":87}},"3":{"start":{"line":5,"column":24},"end":{"line":5,"column":63}},"4":{"start":{"line":5,"column":42},"end":{"line":5,"column":63}},"5":{"start":{"line":10,"column":0},"end":{"line":29,"column":2}},"6":{"start":{"line":11,"column":4},"end":{"line":28,"column":5}},"7":{"start":{"line":12,"column":22},"end":{"line":12,"column":56}},"8":{"start":{"line":13,"column":8},"end":{"line":15,"column":9}},"9":{"start":{"line":14,"column":12},"end":{"line":14,"column":88}},"10":{"start":{"line":17,"column":28},"end":{"line":17,"column":85}},"11":{"start":{"line":18,"column":8},"end":{"line":18,"column":72}},"12":{"start":{"line":19,"column":8},"end":{"line":19,"column":75}},"13":{"start":{"line":20,"column":8},"end":{"line":20,"column":75}},"14":{"start":{"line":22,"column":8},"end":{"line":25,"column":11}},"15":{"start":{"line":27,"column":8},"end":{"line":27,"column":100}},"16":{"start":{"line":34,"column":0},"end":{"line":55,"column":2}},"17":{"start":{"line":35,"column":4},"end":{"line":54,"column":5}},"18":{"start":{"line":36,"column":22},"end":{"line":36,"column":56}},"19":{"start":{"line":37,"column":8},"end":{"line":39,"column":9}},"20":{"start":{"line":38,"column":12},"end":{"line":38,"column":88}},"21":{"start":{"line":41,"column":28},"end":{"line":41,"column":95}},"22":{"start":{"line":42,"column":8},"end":{"line":42,"column":99}},"23":{"start":{"line":44,"column":8},"end":{"line":44,"column":46}},"24":{"start":{"line":45,"column":8},"end":{"line":45,"column":48}},"25":{"start":{"line":46,"column":8},"end":{"line":46,"column":27}},"26":{"start":{"line":48,"column":8},"end":{"line":51,"column":11}},"27":{"start":{"line":53,"column":8},"end":{"line":53,"column":78}},"28":{"start":{"line":60,"column":0},"end":{"line":84,"column":2}},"29":{"start":{"line":61,"column":4},"end":{"line":83,"column":5}},"30":{"start":{"line":62,"column":22},"end":{"line":62,"column":56}},"31":{"start":{"line":63,"column":8},"end":{"line":65,"column":9}},"32":{"start":{"line":64,"column":12},"end":{"line":64,"column":88}},"33":{"start":{"line":67,"column":29},"end":{"line":69,"column":51}},"34":{"start":{"line":71,"column":40},"end":{"line":76,"column":10}},"35":{"start":{"line":78,"column":8},"end":{"line":78,"column":57}},"36":{"start":{"line":79,"column":8},"end":{"line":79,"column":83}},"37":{"start":{"line":80,"column":8},"end":{"line":80,"column":47}},"38":{"start":{"line":82,"column":8},"end":{"line":82,"column":78}},"39":{"start":{"line":89,"column":0},"end":{"line":130,"column":2}},"40":{"start":{"line":90,"column":4},"end":{"line":129,"column":5}},"41":{"start":{"line":91,"column":22},"end":{"line":91,"column":56}},"42":{"start":{"line":92,"column":8},"end":{"line":94,"column":9}},"43":{"start":{"line":93,"column":12},"end":{"line":93,"column":88}},"44":{"start":{"line":96,"column":20},"end":{"line":96,"column":30}},"45":{"start":{"line":97,"column":28},"end":{"line":97,"column":85}},"46":{"start":{"line":98,"column":29},"end":{"line":100,"column":38}},"47":{"start":{"line":102,"column":23},"end":{"line":108,"column":10}},"48":{"start":{"line":110,"column":8},"end":{"line":118,"column":9}},"49":{"start":{"line":111,"column":12},"end":{"line":115,"column":14}},"50":{"start":{"line":116,"column":12},"end":{"line":116,"column":52}},"51":{"start":{"line":117,"column":12},"end":{"line":117,"column":31}},"52":{"start":{"line":120,"column":8},"end":{"line":126,"column":11}},"53":{"start":{"line":128,"column":8},"end":{"line":128,"column":78}}},"fnMap":{"0":{"name":"(anonymous_0)","decl":{"start":{"line":5,"column":24},"end":{"line":5,"column":25}},"loc":{"start":{"line":5,"column":42},"end":{"line":5,"column":63}},"line":5},"1":{"name":"(anonymous_1)","decl":{"start":{"line":10,"column":33},"end":{"line":10,"column":34}},"loc":{"start":{"line":10,"column":53},"end":{"line":29,"column":1}},"line":10},"2":{"name":"(anonymous_2)","decl":{"start":{"line":34,"column":36},"end":{"line":34,"column":37}},"loc":{"start":{"line":34,"column":56},"end":{"line":55,"column":1}},"line":34},"3":{"name":"(anonymous_3)","decl":{"start":{"line":60,"column":30},"end":{"line":60,"column":31}},"loc":{"start":{"line":60,"column":50},"end":{"line":84,"column":1}},"line":60},"4":{"name":"(anonymous_4)","decl":{"start":{"line":89,"column":26},"end":{"line":89,"column":27}},"loc":{"start":{"line":89,"column":46},"end":{"line":130,"column":1}},"line":89}},"branchMap":{"0":{"loc":{"start":{"line":13,"column":8},"end":{"line":15,"column":9}},"type":"if","locations":[{"start":{"line":13,"column":8},"end":{"line":15,"column":9}},{"start":{},"end":{}}],"line":13},"1":{"loc":{"start":{"line":17,"column":55},"end":{"line":17,"column":84}},"type":"binary-expr","locations":[{"start":{"line":17,"column":55},"end":{"line":17,"column":78}},{"start":{"line":17,"column":82},"end":{"line":17,"column":84}}],"line":17},"2":{"loc":{"start":{"line":19,"column":32},"end":{"line":19,"column":74}},"type":"binary-expr","locations":[{"start":{"line":19,"column":32},"end":{"line":19,"column":66}},{"start":{"line":19,"column":70},"end":{"line":19,"column":74}}],"line":19},"3":{"loc":{"start":{"line":20,"column":32},"end":{"line":20,"column":74}},"type":"binary-expr","locations":[{"start":{"line":20,"column":32},"end":{"line":20,"column":66}},{"start":{"line":20,"column":70},"end":{"line":20,"column":74}}],"line":20},"4":{"loc":{"start":{"line":37,"column":8},"end":{"line":39,"column":9}},"type":"if","locations":[{"start":{"line":37,"column":8},"end":{"line":39,"column":9}},{"start":{},"end":{}}],"line":37},"5":{"loc":{"start":{"line":41,"column":55},"end":{"line":41,"column":84}},"type":"binary-expr","locations":[{"start":{"line":41,"column":55},"end":{"line":41,"column":78}},{"start":{"line":41,"column":82},"end":{"line":41,"column":84}}],"line":41},"6":{"loc":{"start":{"line":42,"column":32},"end":{"line":42,"column":98}},"type":"cond-expr","locations":[{"start":{"line":42,"column":54},"end":{"line":42,"column":91}},{"start":{"line":42,"column":94},"end":{"line":42,"column":98}}],"line":42},"7":{"loc":{"start":{"line":63,"column":8},"end":{"line":65,"column":9}},"type":"if","locations":[{"start":{"line":63,"column":8},"end":{"line":65,"column":9}},{"start":{},"end":{}}],"line":63},"8":{"loc":{"start":{"line":67,"column":29},"end":{"line":69,"column":51}},"type":"cond-expr","locations":[{"start":{"line":68,"column":14},"end":{"line":68,"column":57}},{"start":{"line":69,"column":14},"end":{"line":69,"column":51}}],"line":67},"9":{"loc":{"start":{"line":92,"column":8},"end":{"line":94,"column":9}},"type":"if","locations":[{"start":{"line":92,"column":8},"end":{"line":94,"column":9}},{"start":{},"end":{}}],"line":92},"10":{"loc":{"start":{"line":97,"column":55},"end":{"line":97,"column":84}},"type":"binary-expr","locations":[{"start":{"line":97,"column":55},"end":{"line":97,"column":78}},{"start":{"line":97,"column":82},"end":{"line":97,"column":84}}],"line":97},"11":{"loc":{"start":{"line":98,"column":29},"end":{"line":100,"column":38}},"type":"cond-expr","locations":[{"start":{"line":99,"column":14},"end":{"line":99,"column":56}},{"start":{"line":100,"column":14},"end":{"line":100,"column":38}}],"line":98},"12":{"loc":{"start":{"line":110,"column":8},"end":{"line":118,"column":9}},"type":"if","locations":[{"start":{"line":110,"column":8},"end":{"line":118,"column":9}},{"start":{},"end":{}}],"line":110}},"s":{"0":1,"1":1,"2":1,"3":1,"4":17,"5":1,"6":4,"7":4,"8":3,"9":1,"10":2,"11":2,"12":2,"13":2,"14":2,"15":1,"16":1,"17":4,"18":4,"19":4,"20":1,"21":3,"22":2,"23":2,"24":2,"25":2,"26":2,"27":1,"28":1,"29":4,"30":4,"31":4,"32":1,"33":3,"34":3,"35":2,"36":2,"37":2,"38":1,"39":1,"40":5,"41":5,"42":5,"43":1,"44":4,"45":4,"46":4,"47":4,"48":3,"49":1,"50":1,"51":1,"52":3,"53":1},"f":{"0":17,"1":4,"2":4,"3":4,"4":5},"b":{"0":[1,2],"1":[2,1],"2":[2,1],"3":[2,1],"4":[1,3],"5":[3,0],"6":[1,1],"7":[1,3],"8":[1,2],"9":[1,4],"10":[4,0],"11":[1,3],"12":[1,2]},"_coverageSchema":"1a1c01bbd47fc00a2c39e90264f33305004495a9","hash":"0915c0a57ece8f9379ceb289657564fd1ce6c7bb"}
,"/home/Monasm/se-project/se-project-be-68-2-tkfastwork/services/reportDelivery.js": {"path":"/home/Monasm/se-project/se-project-be-68-2-tkfastwork/services/reportDelivery.js","statementMap":{"0":{"start":{"line":1,"column":18},"end":{"line":1,"column":43}},"1":{"start":{"line":2,"column":31},"end":{"line":2,"column":54}},"2":{"start":{"line":3,"column":32},"end":{"line":3,"column":61}},"3":{"start":{"line":5,"column":22},"end":{"line":8,"column":1}},"4":{"start":{"line":6,"column":20},"end":{"line":6,"column":61}},"5":{"start":{"line":7,"column":4},"end":{"line":7,"column":41}},"6":{"start":{"line":10,"column":23},"end":{"line":23,"column":1}},"7":{"start":{"line":10,"column":39},"end":{"line":23,"column":1}},"8":{"start":{"line":25,"column":31},"end":{"line":39,"column":1}},"9":{"start":{"line":26,"column":23},"end":{"line":32,"column":6}},"10":{"start":{"line":34,"column":4},"end":{"line":38,"column":6}},"11":{"start":{"line":41,"column":29},"end":{"line":73,"column":1}},"12":{"start":{"line":42,"column":4},"end":{"line":44,"column":5}},"13":{"start":{"line":43,"column":8},"end":{"line":43,"column":62}},"14":{"start":{"line":46,"column":4},"end":{"line":48,"column":5}},"15":{"start":{"line":47,"column":8},"end":{"line":47,"column":68}},"16":{"start":{"line":50,"column":48},"end":{"line":56,"column":6}},"17":{"start":{"line":58,"column":4},"end":{"line":67,"column":7}},"18":{"start":{"line":69,"column":4},"end":{"line":72,"column":6}},"19":{"start":{"line":75,"column":0},"end":{"line":78,"column":2}}},"fnMap":{"0":{"name":"(anonymous_0)","decl":{"start":{"line":5,"column":22},"end":{"line":5,"column":23}},"loc":{"start":{"line":5,"column":45},"end":{"line":8,"column":1}},"line":5},"1":{"name":"(anonymous_1)","decl":{"start":{"line":10,"column":23},"end":{"line":10,"column":24}},"loc":{"start":{"line":10,"column":39},"end":{"line":23,"column":1}},"line":10},"2":{"name":"(anonymous_2)","decl":{"start":{"line":25,"column":31},"end":{"line":25,"column":32}},"loc":{"start":{"line":25,"column":96},"end":{"line":39,"column":1}},"line":25},"3":{"name":"(anonymous_3)","decl":{"start":{"line":41,"column":29},"end":{"line":41,"column":30}},"loc":{"start":{"line":41,"column":92},"end":{"line":73,"column":1}},"line":41}},"branchMap":{"0":{"loc":{"start":{"line":5,"column":23},"end":{"line":5,"column":40}},"type":"default-arg","locations":[{"start":{"line":5,"column":30},"end":{"line":5,"column":40}}],"line":5},"1":{"loc":{"start":{"line":25,"column":73},"end":{"line":25,"column":89}},"type":"default-arg","locations":[{"start":{"line":25,"column":79},"end":{"line":25,"column":89}}],"line":25},"2":{"loc":{"start":{"line":41,"column":69},"end":{"line":41,"column":85}},"type":"default-arg","locations":[{"start":{"line":41,"column":75},"end":{"line":41,"column":85}}],"line":41},"3":{"loc":{"start":{"line":42,"column":4},"end":{"line":44,"column":5}},"type":"if","locations":[{"start":{"line":42,"column":4},"end":{"line":44,"column":5}},{"start":{},"end":{}}],"line":42},"4":{"loc":{"start":{"line":42,"column":8},"end":{"line":42,"column":28}},"type":"binary-expr","locations":[{"start":{"line":42,"column":8},"end":{"line":42,"column":14}},{"start":{"line":42,"column":18},"end":{"line":42,"column":28}}],"line":42},"5":{"loc":{"start":{"line":46,"column":4},"end":{"line":48,"column":5}},"type":"if","locations":[{"start":{"line":46,"column":4},"end":{"line":48,"column":5}},{"start":{},"end":{}}],"line":46}},"s":{"0":3,"1":3,"2":3,"3":3,"4":4,"5":4,"6":3,"7":2,"8":3,"9":4,"10":4,"11":3,"12":5,"13":2,"14":3,"15":1,"16":2,"17":2,"18":2,"19":3},"f":{"0":4,"1":2,"2":4,"3":5},"b":{"0":[0],"1":[1],"2":[4],"3":[2,3],"4":[5,4],"5":[1,2]},"_coverageSchema":"1a1c01bbd47fc00a2c39e90264f33305004495a9","hash":"53d125d4b1227493a97e52e552269a4969543c23"}
,"/home/Monasm/se-project/se-project-be-68-2-tkfastwork/services/reportScheduler.js": {"path":"/home/Monasm/se-project/se-project-be-68-2-tkfastwork/services/reportScheduler.js","statementMap":{"0":{"start":{"line":1,"column":13},"end":{"line":1,"column":38}},"1":{"start":{"line":2,"column":33},"end":{"line":2,"column":60}},"2":{"start":{"line":3,"column":53},"end":{"line":3,"column":87}},"3":{"start":{"line":5,"column":25},"end":{"line":5,"column":95}},"4":{"start":{"line":7,"column":22},"end":{"line":7,"column":26}},"5":{"start":{"line":8,"column":16},"end":{"line":8,"column":21}},"6":{"start":{"line":10,"column":27},"end":{"line":46,"column":1}},"7":{"start":{"line":11,"column":22},"end":{"line":15,"column":6}},"8":{"start":{"line":17,"column":20},"end":{"line":17,"column":21}},"9":{"start":{"line":18,"column":15},"end":{"line":18,"column":16}},"10":{"start":{"line":20,"column":4},"end":{"line":43,"column":5}},"11":{"start":{"line":21,"column":8},"end":{"line":21,"column":23}},"12":{"start":{"line":23,"column":28},"end":{"line":23,"column":85}},"13":{"start":{"line":25,"column":8},"end":{"line":34,"column":9}},"14":{"start":{"line":26,"column":12},"end":{"line":30,"column":15}},"15":{"start":{"line":31,"column":12},"end":{"line":31,"column":22}},"16":{"start":{"line":33,"column":12},"end":{"line":33,"column":106}},"17":{"start":{"line":36,"column":8},"end":{"line":40,"column":10}},"18":{"start":{"line":41,"column":8},"end":{"line":41,"column":48}},"19":{"start":{"line":42,"column":8},"end":{"line":42,"column":27}},"20":{"start":{"line":45,"column":4},"end":{"line":45,"column":31}},"21":{"start":{"line":48,"column":29},"end":{"line":71,"column":1}},"22":{"start":{"line":49,"column":4},"end":{"line":51,"column":5}},"23":{"start":{"line":50,"column":8},"end":{"line":50,"column":31}},"24":{"start":{"line":53,"column":4},"end":{"line":64,"column":25}},"25":{"start":{"line":54,"column":8},"end":{"line":54,"column":30}},"26":{"start":{"line":54,"column":23},"end":{"line":54,"column":30}},"27":{"start":{"line":56,"column":8},"end":{"line":56,"column":25}},"28":{"start":{"line":57,"column":8},"end":{"line":63,"column":9}},"29":{"start":{"line":58,"column":12},"end":{"line":58,"column":49}},"30":{"start":{"line":60,"column":12},"end":{"line":60,"column":65}},"31":{"start":{"line":62,"column":12},"end":{"line":62,"column":30}},"32":{"start":{"line":66,"column":4},"end":{"line":68,"column":5}},"33":{"start":{"line":67,"column":8},"end":{"line":67,"column":32}},"34":{"start":{"line":70,"column":4},"end":{"line":70,"column":27}},"35":{"start":{"line":73,"column":28},"end":{"line":78,"column":1}},"36":{"start":{"line":74,"column":4},"end":{"line":77,"column":5}},"37":{"start":{"line":75,"column":8},"end":{"line":75,"column":39}},"38":{"start":{"line":76,"column":8},"end":{"line":76,"column":31}},"39":{"start":{"line":80,"column":0},"end":{"line":84,"column":2}}},"fnMap":{"0":{"name":"(anonymous_0)","decl":{"start":{"line":10,"column":27},"end":{"line":10,"column":28}},"loc":{"start":{"line":10,"column":55},"end":{"line":46,"column":1}},"line":10},"1":{"name":"(anonymous_1)","decl":{"start":{"line":48,"column":29},"end":{"line":48,"column":30}},"loc":{"start":{"line":48,"column":35},"end":{"line":71,"column":1}},"line":48},"2":{"name":"(anonymous_2)","decl":{"start":{"line":53,"column":34},"end":{"line":53,"column":35}},"loc":{"start":{"line":53,"column":46},"end":{"line":64,"column":5}},"line":53},"3":{"name":"(anonymous_3)","decl":{"start":{"line":73,"column":28},"end":{"line":73,"column":29}},"loc":{"start":{"line":73,"column":34},"end":{"line":78,"column":1}},"line":73}},"branchMap":{"0":{"loc":{"start":{"line":5,"column":25},"end":{"line":5,"column":95}},"type":"binary-expr","locations":[{"start":{"line":5,"column":25},"end":{"line":5,"column":82}},{"start":{"line":5,"column":86},"end":{"line":5,"column":95}}],"line":5},"1":{"loc":{"start":{"line":10,"column":34},"end":{"line":10,"column":50}},"type":"default-arg","locations":[{"start":{"line":10,"column":40},"end":{"line":10,"column":50}}],"line":10},"2":{"loc":{"start":{"line":23,"column":55},"end":{"line":23,"column":84}},"type":"binary-expr","locations":[{"start":{"line":23,"column":55},"end":{"line":23,"column":78}},{"start":{"line":23,"column":82},"end":{"line":23,"column":84}}],"line":23},"3":{"loc":{"start":{"line":33,"column":64},"end":{"line":33,"column":88}},"type":"binary-expr","locations":[{"start":{"line":33,"column":64},"end":{"line":33,"column":75}},{"start":{"line":33,"column":79},"end":{"line":33,"column":88}}],"line":33},"4":{"loc":{"start":{"line":49,"column":4},"end":{"line":51,"column":5}},"type":"if","locations":[{"start":{"line":49,"column":4},"end":{"line":51,"column":5}},{"start":{},"end":{}}],"line":49},"5":{"loc":{"start":{"line":49,"column":8},"end":{"line":49,"column":109}},"type":"binary-expr","locations":[{"start":{"line":49,"column":8},"end":{"line":49,"column":23}},{"start":{"line":49,"column":27},"end":{"line":49,"column":58}},{"start":{"line":49,"column":62},"end":{"line":49,"column":109}}],"line":49},"6":{"loc":{"start":{"line":54,"column":8},"end":{"line":54,"column":30}},"type":"if","locations":[{"start":{"line":54,"column":8},"end":{"line":54,"column":30}},{"start":{},"end":{}}],"line":54},"7":{"loc":{"start":{"line":66,"column":4},"end":{"line":68,"column":5}},"type":"if","locations":[{"start":{"line":66,"column":4},"end":{"line":68,"column":5}},{"start":{},"end":{}}],"line":66},"8":{"loc":{"start":{"line":74,"column":4},"end":{"line":77,"column":5}},"type":"if","locations":[{"start":{"line":74,"column":4},"end":{"line":77,"column":5}},{"start":{},"end":{}}],"line":74}},"s":{"0":6,"1":6,"2":6,"3":6,"4":6,"5":6,"6":6,"7":7,"8":6,"9":6,"10":6,"11":3,"12":3,"13":3,"14":3,"15":1,"16":2,"17":3,"18":3,"19":3,"20":6,"21":6,"22":6,"23":3,"24":3,"25":4,"26":1,"27":3,"28":3,"29":3,"30":1,"31":3,"32":3,"33":3,"34":3,"35":6,"36":6,"37":3,"38":3,"39":6},"f":{"0":7,"1":6,"2":4,"3":6},"b":{"0":[6,4],"1":[0],"2":[3,0],"3":[2,1],"4":[3,3],"5":[6,5,4],"6":[1,3],"7":[3,0],"8":[3,3]},"_coverageSchema":"1a1c01bbd47fc00a2c39e90264f33305004495a9","hash":"e409a68cd6ade1a73089bdef2b7ffb38e1c907a6"}
,"/home/Monasm/se-project/se-project-be-68-2-tkfastwork/utils/reportPdf.js": {"path":"/home/Monasm/se-project/se-project-be-68-2-tkfastwork/utils/reportPdf.js","statementMap":{"0":{"start":{"line":1,"column":19},"end":{"line":1,"column":22}},"1":{"start":{"line":2,"column":20},"end":{"line":2,"column":23}},"2":{"start":{"line":3,"column":20},"end":{"line":3,"column":22}},"3":{"start":{"line":4,"column":19},"end":{"line":4,"column":22}},"4":{"start":{"line":5,"column":20},"end":{"line":5,"column":22}},"5":{"start":{"line":6,"column":27},"end":{"line":6,"column":29}},"6":{"start":{"line":8,"column":21},"end":{"line":12,"column":11}},"7":{"start":{"line":8,"column":32},"end":{"line":12,"column":11}},"8":{"start":{"line":14,"column":22},"end":{"line":17,"column":26}},"9":{"start":{"line":14,"column":33},"end":{"line":17,"column":26}},"10":{"start":{"line":19,"column":17},"end":{"line":43,"column":1}},"11":{"start":{"line":20,"column":22},"end":{"line":20,"column":40}},"12":{"start":{"line":21,"column":4},"end":{"line":21,"column":32}},"13":{"start":{"line":21,"column":20},"end":{"line":21,"column":32}},"14":{"start":{"line":23,"column":18},"end":{"line":23,"column":38}},"15":{"start":{"line":24,"column":18},"end":{"line":24,"column":20}},"16":{"start":{"line":25,"column":22},"end":{"line":25,"column":24}},"17":{"start":{"line":27,"column":4},"end":{"line":36,"column":7}},"18":{"start":{"line":28,"column":26},"end":{"line":28,"column":71}},"19":{"start":{"line":29,"column":8},"end":{"line":33,"column":9}},"20":{"start":{"line":30,"column":12},"end":{"line":30,"column":36}},"21":{"start":{"line":31,"column":12},"end":{"line":31,"column":31}},"22":{"start":{"line":32,"column":12},"end":{"line":32,"column":19}},"23":{"start":{"line":35,"column":8},"end":{"line":35,"column":32}},"24":{"start":{"line":38,"column":4},"end":{"line":40,"column":5}},"25":{"start":{"line":39,"column":8},"end":{"line":39,"column":32}},"26":{"start":{"line":42,"column":4},"end":{"line":42,"column":17}},"27":{"start":{"line":45,"column":19},"end":{"line":49,"column":26}},"28":{"start":{"line":45,"column":30},"end":{"line":49,"column":26}},"29":{"start":{"line":51,"column":25},"end":{"line":97,"column":1}},"30":{"start":{"line":52,"column":18},"end":{"line":52,"column":20}},"31":{"start":{"line":53,"column":17},"end":{"line":55,"column":5}},"32":{"start":{"line":54,"column":8},"end":{"line":54,"column":59}},"33":{"start":{"line":54,"column":41},"end":{"line":54,"column":57}},"34":{"start":{"line":57,"column":4},"end":{"line":57,"column":42}},"35":{"start":{"line":58,"column":4},"end":{"line":58,"column":63}},"36":{"start":{"line":59,"column":4},"end":{"line":59,"column":61}},"37":{"start":{"line":60,"column":4},"end":{"line":60,"column":97}},"38":{"start":{"line":61,"column":4},"end":{"line":61,"column":169}},"39":{"start":{"line":62,"column":4},"end":{"line":62,"column":13}},"40":{"start":{"line":64,"column":4},"end":{"line":67,"column":5}},"41":{"start":{"line":65,"column":8},"end":{"line":65,"column":68}},"42":{"start":{"line":66,"column":8},"end":{"line":66,"column":21}},"43":{"start":{"line":69,"column":4},"end":{"line":94,"column":7}},"44":{"start":{"line":70,"column":8},"end":{"line":70,"column":55}},"45":{"start":{"line":71,"column":8},"end":{"line":71,"column":42}},"46":{"start":{"line":72,"column":8},"end":{"line":72,"column":68}},"47":{"start":{"line":73,"column":8},"end":{"line":73,"column":49}},"48":{"start":{"line":74,"column":8},"end":{"line":74,"column":56}},"49":{"start":{"line":75,"column":8},"end":{"line":75,"column":85}},"50":{"start":{"line":77,"column":29},"end":{"line":79,"column":39}},"51":{"start":{"line":78,"column":44},"end":{"line":78,"column":102}},"52":{"start":{"line":80,"column":8},"end":{"line":80,"column":44}},"53":{"start":{"line":82,"column":8},"end":{"line":82,"column":34}},"54":{"start":{"line":83,"column":8},"end":{"line":89,"column":9}},"55":{"start":{"line":84,"column":12},"end":{"line":84,"column":61}},"56":{"start":{"line":86,"column":12},"end":{"line":88,"column":15}},"57":{"start":{"line":87,"column":16},"end":{"line":87,"column":169}},"58":{"start":{"line":91,"column":8},"end":{"line":91,"column":26}},"59":{"start":{"line":92,"column":8},"end":{"line":92,"column":74}},"60":{"start":{"line":92,"column":44},"end":{"line":92,"column":72}},"61":{"start":{"line":93,"column":8},"end":{"line":93,"column":17}},"62":{"start":{"line":96,"column":4},"end":{"line":96,"column":17}},"63":{"start":{"line":99,"column":22},"end":{"line":116,"column":1}},"64":{"start":{"line":100,"column":18},"end":{"line":100,"column":20}},"65":{"start":{"line":101,"column":22},"end":{"line":101,"column":24}},"66":{"start":{"line":103,"column":4},"end":{"line":109,"column":7}},"67":{"start":{"line":104,"column":8},"end":{"line":104,"column":31}},"68":{"start":{"line":105,"column":8},"end":{"line":108,"column":9}},"69":{"start":{"line":106,"column":12},"end":{"line":106,"column":36}},"70":{"start":{"line":107,"column":12},"end":{"line":107,"column":29}},"71":{"start":{"line":111,"column":4},"end":{"line":113,"column":5}},"72":{"start":{"line":112,"column":8},"end":{"line":112,"column":32}},"73":{"start":{"line":115,"column":4},"end":{"line":115,"column":74}},"74":{"start":{"line":118,"column":24},"end":{"line":135,"column":1}},"75":{"start":{"line":119,"column":21},"end":{"line":124,"column":5}},"76":{"start":{"line":126,"column":4},"end":{"line":131,"column":7}},"77":{"start":{"line":127,"column":8},"end":{"line":127,"column":53}},"78":{"start":{"line":128,"column":8},"end":{"line":130,"column":9}},"79":{"start":{"line":129,"column":12},"end":{"line":129,"column":32}},"80":{"start":{"line":133,"column":4},"end":{"line":133,"column":24}},"81":{"start":{"line":134,"column":4},"end":{"line":134,"column":31}},"82":{"start":{"line":137,"column":28},"end":{"line":184,"column":1}},"83":{"start":{"line":138,"column":24},"end":{"line":138,"column":52}},"84":{"start":{"line":139,"column":27},"end":{"line":139,"column":53}},"85":{"start":{"line":140,"column":20},"end":{"line":140,"column":22}},"86":{"start":{"line":142,"column":4},"end":{"line":142,"column":53}},"87":{"start":{"line":143,"column":4},"end":{"line":143,"column":74}},"88":{"start":{"line":145,"column":20},"end":{"line":145,"column":22}},"89":{"start":{"line":146,"column":19},"end":{"line":146,"column":20}},"90":{"start":{"line":148,"column":4},"end":{"line":157,"column":7}},"91":{"start":{"line":149,"column":26},"end":{"line":149,"column":34}},"92":{"start":{"line":150,"column":23},"end":{"line":150,"column":35}},"93":{"start":{"line":151,"column":23},"end":{"line":151,"column":49}},"94":{"start":{"line":153,"column":8},"end":{"line":153,"column":114}},"95":{"start":{"line":154,"column":8},"end":{"line":154,"column":171}},"96":{"start":{"line":155,"column":8},"end":{"line":155,"column":38}},"97":{"start":{"line":156,"column":8},"end":{"line":156,"column":22}},"98":{"start":{"line":159,"column":4},"end":{"line":159,"column":92}},"99":{"start":{"line":161,"column":14},"end":{"line":161,"column":26}},"100":{"start":{"line":162,"column":20},"end":{"line":162,"column":23}},"101":{"start":{"line":164,"column":4},"end":{"line":169,"column":5}},"102":{"start":{"line":164,"column":21},"end":{"line":164,"column":22}},"103":{"start":{"line":167,"column":8},"end":{"line":167,"column":58}},"104":{"start":{"line":168,"column":8},"end":{"line":168,"column":61}},"105":{"start":{"line":171,"column":23},"end":{"line":171,"column":55}},"106":{"start":{"line":172,"column":4},"end":{"line":172,"column":41}},"107":{"start":{"line":173,"column":4},"end":{"line":173,"column":35}},"108":{"start":{"line":175,"column":4},"end":{"line":179,"column":5}},"109":{"start":{"line":175,"column":21},"end":{"line":175,"column":22}},"110":{"start":{"line":178,"column":8},"end":{"line":178,"column":72}},"111":{"start":{"line":181,"column":4},"end":{"line":181,"column":97}},"112":{"start":{"line":183,"column":4},"end":{"line":183,"column":38}},"113":{"start":{"line":186,"column":0},"end":{"line":188,"column":2}}},"fnMap":{"0":{"name":"(anonymous_0)","decl":{"start":{"line":8,"column":21},"end":{"line":8,"column":22}},"loc":{"start":{"line":8,"column":32},"end":{"line":12,"column":11}},"line":8},"1":{"name":"(anonymous_1)","decl":{"start":{"line":14,"column":22},"end":{"line":14,"column":23}},"loc":{"start":{"line":14,"column":33},"end":{"line":17,"column":26}},"line":14},"2":{"name":"(anonymous_2)","decl":{"start":{"line":19,"column":17},"end":{"line":19,"column":18}},"loc":{"start":{"line":19,"column":43},"end":{"line":43,"column":1}},"line":19},"3":{"name":"(anonymous_3)","decl":{"start":{"line":27,"column":18},"end":{"line":27,"column":19}},"loc":{"start":{"line":27,"column":28},"end":{"line":36,"column":5}},"line":27},"4":{"name":"(anonymous_4)","decl":{"start":{"line":45,"column":19},"end":{"line":45,"column":20}},"loc":{"start":{"line":45,"column":30},"end":{"line":49,"column":26}},"line":45},"5":{"name":"(anonymous_5)","decl":{"start":{"line":51,"column":25},"end":{"line":51,"column":26}},"loc":{"start":{"line":51,"column":41},"end":{"line":97,"column":1}},"line":51},"6":{"name":"(anonymous_6)","decl":{"start":{"line":53,"column":17},"end":{"line":53,"column":18}},"loc":{"start":{"line":53,"column":32},"end":{"line":55,"column":5}},"line":53},"7":{"name":"(anonymous_7)","decl":{"start":{"line":54,"column":31},"end":{"line":54,"column":32}},"loc":{"start":{"line":54,"column":41},"end":{"line":54,"column":57}},"line":54},"8":{"name":"(anonymous_8)","decl":{"start":{"line":69,"column":30},"end":{"line":69,"column":31}},"loc":{"start":{"line":69,"column":48},"end":{"line":94,"column":5}},"line":69},"9":{"name":"(anonymous_9)","decl":{"start":{"line":78,"column":34},"end":{"line":78,"column":35}},"loc":{"start":{"line":78,"column":44},"end":{"line":78,"column":102}},"line":78},"10":{"name":"(anonymous_10)","decl":{"start":{"line":86,"column":42},"end":{"line":86,"column":43}},"loc":{"start":{"line":86,"column":52},"end":{"line":88,"column":13}},"line":86},"11":{"name":"(anonymous_11)","decl":{"start":{"line":92,"column":31},"end":{"line":92,"column":32}},"loc":{"start":{"line":92,"column":44},"end":{"line":92,"column":72}},"line":92},"12":{"name":"(anonymous_12)","decl":{"start":{"line":99,"column":22},"end":{"line":99,"column":23}},"loc":{"start":{"line":99,"column":33},"end":{"line":116,"column":1}},"line":99},"13":{"name":"(anonymous_13)","decl":{"start":{"line":103,"column":18},"end":{"line":103,"column":19}},"loc":{"start":{"line":103,"column":28},"end":{"line":109,"column":5}},"line":103},"14":{"name":"(anonymous_14)","decl":{"start":{"line":118,"column":24},"end":{"line":118,"column":25}},"loc":{"start":{"line":118,"column":39},"end":{"line":135,"column":1}},"line":118},"15":{"name":"(anonymous_15)","decl":{"start":{"line":126,"column":22},"end":{"line":126,"column":23}},"loc":{"start":{"line":126,"column":39},"end":{"line":131,"column":5}},"line":126},"16":{"name":"(anonymous_16)","decl":{"start":{"line":137,"column":28},"end":{"line":137,"column":29}},"loc":{"start":{"line":137,"column":44},"end":{"line":184,"column":1}},"line":137},"17":{"name":"(anonymous_17)","decl":{"start":{"line":148,"column":27},"end":{"line":148,"column":28}},"loc":{"start":{"line":148,"column":42},"end":{"line":157,"column":5}},"line":148}},"branchMap":{"0":{"loc":{"start":{"line":8,"column":39},"end":{"line":8,"column":50}},"type":"binary-expr","locations":[{"start":{"line":8,"column":39},"end":{"line":8,"column":44}},{"start":{"line":8,"column":48},"end":{"line":8,"column":50}}],"line":8},"1":{"loc":{"start":{"line":19,"column":24},"end":{"line":19,"column":38}},"type":"default-arg","locations":[{"start":{"line":19,"column":36},"end":{"line":19,"column":38}}],"line":19},"2":{"loc":{"start":{"line":21,"column":4},"end":{"line":21,"column":32}},"type":"if","locations":[{"start":{"line":21,"column":4},"end":{"line":21,"column":32}},{"start":{},"end":{}}],"line":21},"3":{"loc":{"start":{"line":28,"column":26},"end":{"line":28,"column":71}},"type":"cond-expr","locations":[{"start":{"line":28,"column":40},"end":{"line":28,"column":64}},{"start":{"line":28,"column":67},"end":{"line":28,"column":71}}],"line":28},"4":{"loc":{"start":{"line":29,"column":8},"end":{"line":33,"column":9}},"type":"if","locations":[{"start":{"line":29,"column":8},"end":{"line":33,"column":9}},{"start":{},"end":{}}],"line":29},"5":{"loc":{"start":{"line":29,"column":12},"end":{"line":29,"column":55}},"type":"binary-expr","locations":[{"start":{"line":29,"column":12},"end":{"line":29,"column":40}},{"start":{"line":29,"column":44},"end":{"line":29,"column":55}}],"line":29},"6":{"loc":{"start":{"line":38,"column":4},"end":{"line":40,"column":5}},"type":"if","locations":[{"start":{"line":38,"column":4},"end":{"line":40,"column":5}},{"start":{},"end":{}}],"line":38},"7":{"loc":{"start":{"line":53,"column":18},"end":{"line":53,"column":27}},"type":"default-arg","locations":[{"start":{"line":53,"column":25},"end":{"line":53,"column":27}}],"line":53},"8":{"loc":{"start":{"line":58,"column":19},"end":{"line":58,"column":59}},"type":"binary-expr","locations":[{"start":{"line":58,"column":19},"end":{"line":58,"column":40}},{"start":{"line":58,"column":44},"end":{"line":58,"column":59}}],"line":58},"9":{"loc":{"start":{"line":64,"column":4},"end":{"line":67,"column":5}},"type":"if","locations":[{"start":{"line":64,"column":4},"end":{"line":67,"column":5}},{"start":{},"end":{}}],"line":64},"10":{"loc":{"start":{"line":77,"column":29},"end":{"line":79,"column":39}},"type":"cond-expr","locations":[{"start":{"line":78,"column":14},"end":{"line":78,"column":114}},{"start":{"line":79,"column":14},"end":{"line":79,"column":39}}],"line":77},"11":{"loc":{"start":{"line":83,"column":8},"end":{"line":89,"column":9}},"type":"if","locations":[{"start":{"line":83,"column":8},"end":{"line":89,"column":9}},{"start":{"line":85,"column":15},"end":{"line":89,"column":9}}],"line":83},"12":{"loc":{"start":{"line":105,"column":8},"end":{"line":108,"column":9}},"type":"if","locations":[{"start":{"line":105,"column":8},"end":{"line":108,"column":9}},{"start":{},"end":{}}],"line":105},"13":{"loc":{"start":{"line":111,"column":4},"end":{"line":113,"column":5}},"type":"if","locations":[{"start":{"line":111,"column":4},"end":{"line":113,"column":5}},{"start":{},"end":{}}],"line":111},"14":{"loc":{"start":{"line":115,"column":11},"end":{"line":115,"column":73}},"type":"cond-expr","locations":[{"start":{"line":115,"column":30},"end":{"line":115,"column":35}},{"start":{"line":115,"column":38},"end":{"line":115,"column":73}}],"line":115},"15":{"loc":{"start":{"line":128,"column":8},"end":{"line":130,"column":9}},"type":"if","locations":[{"start":{"line":128,"column":8},"end":{"line":130,"column":9}},{"start":{},"end":{}}],"line":128}},"s":{"0":4,"1":4,"2":4,"3":4,"4":4,"5":4,"6":4,"7":361,"8":4,"9":181,"10":4,"11":180,"12":180,"13":14,"14":166,"15":166,"16":166,"17":166,"18":1376,"19":1376,"20":1,"21":1,"22":1,"23":1375,"24":166,"25":166,"26":166,"27":4,"28":24,"29":4,"30":8,"31":8,"32":180,"33":181,"34":8,"35":8,"36":8,"37":8,"38":8,"39":8,"40":8,"41":2,"42":2,"43":6,"44":6,"45":6,"46":6,"47":6,"48":6,"49":6,"50":6,"51":6,"52":6,"53":6,"54":6,"55":1,"56":5,"57":64,"58":6,"59":6,"60":5,"61":6,"62":6,"63":4,"64":8,"65":8,"66":8,"67":181,"68":181,"69":1,"70":1,"71":8,"72":8,"73":8,"74":4,"75":9,"76":9,"77":181,"78":181,"79":172,"80":9,"81":9,"82":4,"83":8,"84":8,"85":8,"86":8,"87":8,"88":8,"89":8,"90":8,"91":9,"92":9,"93":9,"94":9,"95":9,"96":9,"97":9,"98":8,"99":8,"100":8,"101":8,"102":8,"103":42,"104":42,"105":8,"106":8,"107":8,"108":8,"109":8,"110":42,"111":8,"112":8,"113":4},"f":{"0":361,"1":181,"2":180,"3":1376,"4":24,"5":8,"6":180,"7":181,"8":6,"9":6,"10":64,"11":5,"12":8,"13":181,"14":9,"15":181,"16":8,"17":9},"b":{"0":[361,0],"1":[180],"2":[14,166],"3":[1210,166],"4":[1,1375],"5":[1376,1],"6":[166,0],"7":[0],"8":[8,2],"9":[2,6],"10":[5,1],"11":[1,5],"12":[1,180],"13":[8,0],"14":[8,0],"15":[172,9]},"_coverageSchema":"1a1c01bbd47fc00a2c39e90264f33305004495a9","hash":"9a89bd2bb05c5a4bb51ceeea83b9440df65f6127"}
,"/home/Monasm/se-project/se-project-be-68-2-tkfastwork/utils/reportSchedule.js": {"path":"/home/Monasm/se-project/se-project-be-68-2-tkfastwork/utils/reportSchedule.js","statementMap":{"0":{"start":{"line":1,"column":32},"end":{"line":1,"column":76}},"1":{"start":{"line":2,"column":28},"end":{"line":2,"column":29}},"2":{"start":{"line":3,"column":30},"end":{"line":3,"column":31}},"3":{"start":{"line":4,"column":30},"end":{"line":4,"column":32}},"4":{"start":{"line":5,"column":26},"end":{"line":5,"column":56}},"5":{"start":{"line":6,"column":25},"end":{"line":14,"column":1}},"6":{"start":{"line":16,"column":20},"end":{"line":16,"column":86}},"7":{"start":{"line":16,"column":31},"end":{"line":16,"column":86}},"8":{"start":{"line":18,"column":27},"end":{"line":22,"column":1}},"9":{"start":{"line":19,"column":4},"end":{"line":19,"column":79}},"10":{"start":{"line":19,"column":63},"end":{"line":19,"column":79}},"11":{"start":{"line":20,"column":19},"end":{"line":20,"column":45}},"12":{"start":{"line":21,"column":4},"end":{"line":21,"column":56}},"13":{"start":{"line":24,"column":20},"end":{"line":28,"column":1}},"14":{"start":{"line":25,"column":4},"end":{"line":27,"column":5}},"15":{"start":{"line":26,"column":8},"end":{"line":26,"column":74}},"16":{"start":{"line":30,"column":25},"end":{"line":37,"column":1}},"17":{"start":{"line":31,"column":4},"end":{"line":36,"column":5}},"18":{"start":{"line":32,"column":8},"end":{"line":32,"column":70}},"19":{"start":{"line":33,"column":8},"end":{"line":33,"column":20}},"20":{"start":{"line":35,"column":8},"end":{"line":35,"column":21}},"21":{"start":{"line":39,"column":25},"end":{"line":64,"column":1}},"22":{"start":{"line":40,"column":22},"end":{"line":50,"column":6}},"23":{"start":{"line":52,"column":18},"end":{"line":52,"column":47}},"24":{"start":{"line":53,"column":20},"end":{"line":53,"column":77}},"25":{"start":{"line":53,"column":30},"end":{"line":53,"column":77}},"26":{"start":{"line":53,"column":51},"end":{"line":53,"column":69}},"27":{"start":{"line":55,"column":4},"end":{"line":63,"column":6}},"28":{"start":{"line":66,"column":23},"end":{"line":91,"column":1}},"29":{"start":{"line":67,"column":18},"end":{"line":67,"column":80}},"30":{"start":{"line":69,"column":4},"end":{"line":87,"column":5}},"31":{"start":{"line":69,"column":21},"end":{"line":69,"column":22}},"32":{"start":{"line":70,"column":34},"end":{"line":70,"column":69}},"33":{"start":{"line":71,"column":33},"end":{"line":78,"column":9}},"34":{"start":{"line":79,"column":32},"end":{"line":79,"column":84}},"35":{"start":{"line":80,"column":21},"end":{"line":80,"column":55}},"36":{"start":{"line":82,"column":8},"end":{"line":84,"column":9}},"37":{"start":{"line":83,"column":12},"end":{"line":83,"column":27}},"38":{"start":{"line":86,"column":8},"end":{"line":86,"column":53}},"39":{"start":{"line":93,"column":21},"end":{"line":102,"column":1}},"40":{"start":{"line":94,"column":20},"end":{"line":94,"column":60}},"41":{"start":{"line":95,"column":4},"end":{"line":95,"column":54}},"42":{"start":{"line":97,"column":4},"end":{"line":101,"column":6}},"43":{"start":{"line":104,"column":23},"end":{"line":112,"column":1}},"44":{"start":{"line":105,"column":20},"end":{"line":105,"column":58}},"45":{"start":{"line":106,"column":4},"end":{"line":106,"column":56}},"46":{"start":{"line":108,"column":4},"end":{"line":111,"column":6}},"47":{"start":{"line":114,"column":23},"end":{"line":114,"column":87}},"48":{"start":{"line":114,"column":40},"end":{"line":114,"column":87}},"49":{"start":{"line":116,"column":35},"end":{"line":153,"column":1}},"50":{"start":{"line":117,"column":23},"end":{"line":130,"column":5}},"51":{"start":{"line":132,"column":4},"end":{"line":134,"column":5}},"52":{"start":{"line":133,"column":8},"end":{"line":133,"column":85}},"53":{"start":{"line":136,"column":4},"end":{"line":138,"column":5}},"54":{"start":{"line":137,"column":8},"end":{"line":137,"column":66}},"55":{"start":{"line":140,"column":4},"end":{"line":140,"column":48}},"56":{"start":{"line":141,"column":4},"end":{"line":141,"column":52}},"57":{"start":{"line":142,"column":4},"end":{"line":142,"column":65}},"58":{"start":{"line":144,"column":4},"end":{"line":146,"column":5}},"59":{"start":{"line":145,"column":8},"end":{"line":145,"column":61}},"60":{"start":{"line":148,"column":4},"end":{"line":150,"column":5}},"61":{"start":{"line":149,"column":8},"end":{"line":149,"column":64}},"62":{"start":{"line":152,"column":4},"end":{"line":152,"column":22}},"63":{"start":{"line":155,"column":21},"end":{"line":241,"column":1}},"64":{"start":{"line":156,"column":21},"end":{"line":156,"column":60}},"65":{"start":{"line":157,"column":4},"end":{"line":159,"column":5}},"66":{"start":{"line":158,"column":8},"end":{"line":158,"column":20}},"67":{"start":{"line":161,"column":16},"end":{"line":161,"column":35}},"68":{"start":{"line":162,"column":4},"end":{"line":164,"column":5}},"69":{"start":{"line":163,"column":8},"end":{"line":163,"column":58}},"70":{"start":{"line":166,"column":21},"end":{"line":166,"column":61}},"71":{"start":{"line":169,"column":4},"end":{"line":188,"column":5}},"72":{"start":{"line":170,"column":8},"end":{"line":176,"column":30}},"73":{"start":{"line":178,"column":8},"end":{"line":185,"column":9}},"74":{"start":{"line":179,"column":34},"end":{"line":179,"column":59}},"75":{"start":{"line":180,"column":12},"end":{"line":184,"column":34}},"76":{"start":{"line":187,"column":8},"end":{"line":187,"column":25}},"77":{"start":{"line":190,"column":4},"end":{"line":209,"column":5}},"78":{"start":{"line":191,"column":26},"end":{"line":191,"column":79}},"79":{"start":{"line":192,"column":30},"end":{"line":192,"column":63}},"80":{"start":{"line":193,"column":8},"end":{"line":197,"column":30}},"81":{"start":{"line":199,"column":8},"end":{"line":206,"column":9}},"82":{"start":{"line":200,"column":34},"end":{"line":200,"column":64}},"83":{"start":{"line":201,"column":12},"end":{"line":205,"column":34}},"84":{"start":{"line":208,"column":8},"end":{"line":208,"column":25}},"85":{"start":{"line":211,"column":28},"end":{"line":214,"column":5}},"86":{"start":{"line":216,"column":4},"end":{"line":222,"column":26}},"87":{"start":{"line":224,"column":4},"end":{"line":238,"column":5}},"88":{"start":{"line":225,"column":26},"end":{"line":225,"column":53}},"89":{"start":{"line":226,"column":29},"end":{"line":229,"column":9}},"90":{"start":{"line":231,"column":8},"end":{"line":237,"column":30}},"91":{"start":{"line":240,"column":4},"end":{"line":240,"column":21}},"92":{"start":{"line":243,"column":0},"end":{"line":252,"column":2}}},"fnMap":{"0":{"name":"(anonymous_0)","decl":{"start":{"line":16,"column":20},"end":{"line":16,"column":21}},"loc":{"start":{"line":16,"column":31},"end":{"line":16,"column":86}},"line":16},"1":{"name":"(anonymous_1)","decl":{"start":{"line":18,"column":27},"end":{"line":18,"column":28}},"loc":{"start":{"line":18,"column":48},"end":{"line":22,"column":1}},"line":18},"2":{"name":"(anonymous_2)","decl":{"start":{"line":24,"column":20},"end":{"line":24,"column":21}},"loc":{"start":{"line":24,"column":52},"end":{"line":28,"column":1}},"line":24},"3":{"name":"(anonymous_3)","decl":{"start":{"line":30,"column":25},"end":{"line":30,"column":26}},"loc":{"start":{"line":30,"column":39},"end":{"line":37,"column":1}},"line":30},"4":{"name":"(anonymous_4)","decl":{"start":{"line":39,"column":25},"end":{"line":39,"column":26}},"loc":{"start":{"line":39,"column":71},"end":{"line":64,"column":1}},"line":39},"5":{"name":"(anonymous_5)","decl":{"start":{"line":53,"column":20},"end":{"line":53,"column":21}},"loc":{"start":{"line":53,"column":30},"end":{"line":53,"column":77}},"line":53},"6":{"name":"(anonymous_6)","decl":{"start":{"line":53,"column":41},"end":{"line":53,"column":42}},"loc":{"start":{"line":53,"column":51},"end":{"line":53,"column":69}},"line":53},"7":{"name":"(anonymous_7)","decl":{"start":{"line":66,"column":23},"end":{"line":66,"column":24}},"loc":{"start":{"line":66,"column":85},"end":{"line":91,"column":1}},"line":66},"8":{"name":"(anonymous_8)","decl":{"start":{"line":93,"column":21},"end":{"line":93,"column":22}},"loc":{"start":{"line":93,"column":55},"end":{"line":102,"column":1}},"line":93},"9":{"name":"(anonymous_9)","decl":{"start":{"line":104,"column":23},"end":{"line":104,"column":24}},"loc":{"start":{"line":104,"column":52},"end":{"line":112,"column":1}},"line":104},"10":{"name":"(anonymous_10)","decl":{"start":{"line":114,"column":23},"end":{"line":114,"column":24}},"loc":{"start":{"line":114,"column":40},"end":{"line":114,"column":87}},"line":114},"11":{"name":"(anonymous_11)","decl":{"start":{"line":116,"column":35},"end":{"line":116,"column":36}},"loc":{"start":{"line":116,"column":78},"end":{"line":153,"column":1}},"line":116},"12":{"name":"(anonymous_12)","decl":{"start":{"line":155,"column":21},"end":{"line":155,"column":22}},"loc":{"start":{"line":155,"column":62},"end":{"line":241,"column":1}},"line":155}},"branchMap":{"0":{"loc":{"start":{"line":1,"column":32},"end":{"line":1,"column":76}},"type":"binary-expr","locations":[{"start":{"line":1,"column":32},"end":{"line":1,"column":67}},{"start":{"line":1,"column":71},"end":{"line":1,"column":76}}],"line":1},"1":{"loc":{"start":{"line":16,"column":31},"end":{"line":16,"column":86}},"type":"binary-expr","locations":[{"start":{"line":16,"column":31},"end":{"line":16,"column":52}},{"start":{"line":16,"column":56},"end":{"line":16,"column":86}}],"line":16},"2":{"loc":{"start":{"line":19,"column":4},"end":{"line":19,"column":79}},"type":"if","locations":[{"start":{"line":19,"column":4},"end":{"line":19,"column":79}},{"start":{},"end":{}}],"line":19},"3":{"loc":{"start":{"line":19,"column":8},"end":{"line":19,"column":61}},"type":"binary-expr","locations":[{"start":{"line":19,"column":8},"end":{"line":19,"column":27}},{"start":{"line":19,"column":31},"end":{"line":19,"column":45}},{"start":{"line":19,"column":49},"end":{"line":19,"column":61}}],"line":19},"4":{"loc":{"start":{"line":21,"column":11},"end":{"line":21,"column":55}},"type":"cond-expr","locations":[{"start":{"line":21,"column":38},"end":{"line":21,"column":44}},{"start":{"line":21,"column":47},"end":{"line":21,"column":55}}],"line":21},"5":{"loc":{"start":{"line":25,"column":4},"end":{"line":27,"column":5}},"type":"if","locations":[{"start":{"line":25,"column":4},"end":{"line":27,"column":5}},{"start":{},"end":{}}],"line":25},"6":{"loc":{"start":{"line":25,"column":8},"end":{"line":25,"column":62}},"type":"binary-expr","locations":[{"start":{"line":25,"column":8},"end":{"line":25,"column":32}},{"start":{"line":25,"column":36},"end":{"line":25,"column":47}},{"start":{"line":25,"column":51},"end":{"line":25,"column":62}}],"line":25},"7":{"loc":{"start":{"line":39,"column":32},"end":{"line":39,"column":66}},"type":"default-arg","locations":[{"start":{"line":39,"column":43},"end":{"line":39,"column":66}}],"line":39},"8":{"loc":{"start":{"line":66,"column":58},"end":{"line":66,"column":68}},"type":"default-arg","locations":[{"start":{"line":66,"column":67},"end":{"line":66,"column":68}}],"line":66},"9":{"loc":{"start":{"line":82,"column":8},"end":{"line":84,"column":9}},"type":"if","locations":[{"start":{"line":82,"column":8},"end":{"line":84,"column":9}},{"start":{},"end":{}}],"line":82},"10":{"loc":{"start":{"line":116,"column":36},"end":{"line":116,"column":59}},"type":"default-arg","locations":[{"start":{"line":116,"column":57},"end":{"line":116,"column":59}}],"line":116},"11":{"loc":{"start":{"line":116,"column":61},"end":{"line":116,"column":73}},"type":"default-arg","locations":[{"start":{"line":116,"column":71},"end":{"line":116,"column":73}}],"line":116},"12":{"loc":{"start":{"line":118,"column":17},"end":{"line":120,"column":49}},"type":"cond-expr","locations":[{"start":{"line":119,"column":14},"end":{"line":119,"column":38}},{"start":{"line":120,"column":14},"end":{"line":120,"column":49}}],"line":118},"13":{"loc":{"start":{"line":121,"column":19},"end":{"line":121,"column":80}},"type":"binary-expr","locations":[{"start":{"line":121,"column":19},"end":{"line":121,"column":36}},{"start":{"line":121,"column":40},"end":{"line":121,"column":68}},{"start":{"line":121,"column":72},"end":{"line":121,"column":80}}],"line":121},"14":{"loc":{"start":{"line":124,"column":18},"end":{"line":124,"column":92}},"type":"binary-expr","locations":[{"start":{"line":124,"column":18},"end":{"line":124,"column":34}},{"start":{"line":124,"column":38},"end":{"line":124,"column":65}},{"start":{"line":124,"column":69},"end":{"line":124,"column":92}}],"line":124},"15":{"loc":{"start":{"line":128,"column":19},"end":{"line":128,"column":55}},"type":"binary-expr","locations":[{"start":{"line":128,"column":19},"end":{"line":128,"column":47}},{"start":{"line":128,"column":51},"end":{"line":128,"column":55}}],"line":128},"16":{"loc":{"start":{"line":129,"column":19},"end":{"line":129,"column":55}},"type":"binary-expr","locations":[{"start":{"line":129,"column":19},"end":{"line":129,"column":47}},{"start":{"line":129,"column":51},"end":{"line":129,"column":55}}],"line":129},"17":{"loc":{"start":{"line":132,"column":4},"end":{"line":134,"column":5}},"type":"if","locations":[{"start":{"line":132,"column":4},"end":{"line":134,"column":5}},{"start":{},"end":{}}],"line":132},"18":{"loc":{"start":{"line":136,"column":4},"end":{"line":138,"column":5}},"type":"if","locations":[{"start":{"line":136,"column":4},"end":{"line":138,"column":5}},{"start":{},"end":{}}],"line":136},"19":{"loc":{"start":{"line":144,"column":4},"end":{"line":146,"column":5}},"type":"if","locations":[{"start":{"line":144,"column":4},"end":{"line":146,"column":5}},{"start":{},"end":{}}],"line":144},"20":{"loc":{"start":{"line":148,"column":4},"end":{"line":150,"column":5}},"type":"if","locations":[{"start":{"line":148,"column":4},"end":{"line":150,"column":5}},{"start":{},"end":{}}],"line":148},"21":{"loc":{"start":{"line":155,"column":35},"end":{"line":155,"column":57}},"type":"default-arg","locations":[{"start":{"line":155,"column":47},"end":{"line":155,"column":57}}],"line":155},"22":{"loc":{"start":{"line":157,"column":4},"end":{"line":159,"column":5}},"type":"if","locations":[{"start":{"line":157,"column":4},"end":{"line":159,"column":5}},{"start":{},"end":{}}],"line":157},"23":{"loc":{"start":{"line":162,"column":4},"end":{"line":164,"column":5}},"type":"if","locations":[{"start":{"line":162,"column":4},"end":{"line":164,"column":5}},{"start":{},"end":{}}],"line":162},"24":{"loc":{"start":{"line":169,"column":4},"end":{"line":188,"column":5}},"type":"if","locations":[{"start":{"line":169,"column":4},"end":{"line":188,"column":5}},{"start":{},"end":{}}],"line":169},"25":{"loc":{"start":{"line":178,"column":8},"end":{"line":185,"column":9}},"type":"if","locations":[{"start":{"line":178,"column":8},"end":{"line":185,"column":9}},{"start":{},"end":{}}],"line":178},"26":{"loc":{"start":{"line":190,"column":4},"end":{"line":209,"column":5}},"type":"if","locations":[{"start":{"line":190,"column":4},"end":{"line":209,"column":5}},{"start":{},"end":{}}],"line":190},"27":{"loc":{"start":{"line":199,"column":8},"end":{"line":206,"column":9}},"type":"if","locations":[{"start":{"line":199,"column":8},"end":{"line":206,"column":9}},{"start":{},"end":{}}],"line":199},"28":{"loc":{"start":{"line":224,"column":4},"end":{"line":238,"column":5}},"type":"if","locations":[{"start":{"line":224,"column":4},"end":{"line":238,"column":5}},{"start":{},"end":{}}],"line":224}},"s":{"0":11,"1":11,"2":11,"3":11,"4":11,"5":11,"6":11,"7":14,"8":11,"9":380,"10":287,"11":93,"12":93,"13":11,"14":124,"15":5,"16":11,"17":39,"18":39,"19":37,"20":2,"21":11,"22":39,"23":39,"24":39,"25":273,"26":1911,"27":39,"28":11,"29":22,"30":22,"31":22,"32":25,"33":25,"34":25,"35":25,"36":25,"37":22,"38":3,"39":11,"40":10,"41":10,"42":10,"43":11,"44":2,"45":2,"46":2,"47":11,"48":6,"49":11,"50":38,"51":38,"52":2,"53":36,"54":1,"55":35,"56":34,"57":33,"58":32,"59":16,"60":31,"61":6,"62":30,"63":11,"64":15,"65":15,"66":1,"67":14,"68":14,"69":1,"70":13,"71":13,"72":5,"73":5,"74":4,"75":4,"76":5,"77":8,"78":4,"79":4,"80":4,"81":4,"82":2,"83":2,"84":4,"85":4,"86":4,"87":4,"88":2,"89":2,"90":2,"91":4,"92":11},"f":{"0":14,"1":380,"2":124,"3":39,"4":39,"5":273,"6":1911,"7":22,"8":10,"9":2,"10":6,"11":38,"12":15},"b":{"0":[11,11],"1":[14,14],"2":[287,93],"3":[380,95,94],"4":[92,1],"5":[5,119],"6":[124,124,123],"7":[0],"8":[22],"9":[22,3],"10":[1],"11":[26],"12":[3,35],"13":[38,32,10],"14":[38,35,14],"15":[38,36],"16":[38,29],"17":[2,36],"18":[1,35],"19":[16,16],"20":[6,25],"21":[1],"22":[1,14],"23":[1,13],"24":[5,8],"25":[4,1],"26":[4,4],"27":[2,2],"28":[2,2]},"_coverageSchema":"1a1c01bbd47fc00a2c39e90264f33305004495a9","hash":"2fd55cd92b74447ddcc9906f02584e494bc8c0e0"}
}
