TN:
SF:controllers\coworkingSpaces.js
FN:9,(anonymous_0)
FN:15,(anonymous_1)
FN:19,(anonymous_2)
FN:81,(anonymous_3)
FN:106,(anonymous_4)
FN:114,(anonymous_5)
FN:133,(anonymous_6)
FN:163,(anonymous_7)
FN:169,(anonymous_8)
FN:172,(anonymous_9)
FN:222,(anonymous_10)
FNF:11
FNH:11
FNDA:10,(anonymous_0)
FNDA:40,(anonymous_1)
FNDA:2,(anonymous_2)
FNDA:6,(anonymous_3)
FNDA:1,(anonymous_4)
FNDA:3,(anonymous_5)
FNDA:8,(anonymous_6)
FNDA:3,(anonymous_7)
FNDA:3,(anonymous_8)
FNDA:3,(anonymous_9)
FNDA:3,(anonymous_10)
DA:1,1
DA:2,1
DA:3,1
DA:4,1
DA:9,1
DA:12,10
DA:14,10
DA:15,40
DA:16,10
DA:18,10
DA:19,10
DA:21,10
DA:23,10
DA:24,10
DA:25,9
DA:28,10
DA:30,10
DA:31,1
DA:32,1
DA:35,10
DA:36,1
DA:37,1
DA:40,9
DA:43,10
DA:44,10
DA:45,10
DA:46,10
DA:47,10
DA:49,10
DA:51,10
DA:52,10
DA:54,9
DA:56,9
DA:57,1
DA:63,9
DA:64,1
DA:70,9
DA:73,1
DA:81,1
DA:82,6
DA:83,6
DA:84,5
DA:85,1
DA:88,4
DA:89,4
DA:92,4
DA:93,1
DA:96,3
DA:99,1
DA:106,1
DA:107,1
DA:108,1
DA:114,1
DA:115,3
DA:116,3
DA:120,2
DA:121,1
DA:123,1
DA:126,1
DA:133,1
DA:134,8
DA:135,8
DA:136,7
DA:137,1
DA:140,6
DA:141,6
DA:144,6
DA:145,1
DA:151,5
DA:152,5
DA:153,5
DA:155,5
DA:156,4
DA:157,4
DA:162,4
DA:163,3
DA:165,4
DA:167,4
DA:168,2
DA:169,3
DA:172,2
DA:173,3
DA:183,2
DA:184,2
DA:205,1
DA:210,5
DA:215,1
DA:222,1
DA:223,3
DA:224,3
DA:225,2
DA:226,1
DA:228,1
DA:229,1
DA:230,1
DA:233,1
LF:96
LH:96
BRDA:23,0,0,10
BRDA:23,0,1,2
BRDA:24,1,0,9
BRDA:24,1,1,1
BRDA:24,2,0,10
BRDA:24,2,1,2
BRDA:30,3,0,1
BRDA:30,3,1,9
BRDA:35,4,0,1
BRDA:35,4,1,9
BRDA:43,5,0,10
BRDA:43,5,1,8
BRDA:44,6,0,10
BRDA:44,6,1,8
BRDA:56,7,0,1
BRDA:56,7,1,8
BRDA:63,8,0,1
BRDA:63,8,1,8
BRDA:84,9,0,1
BRDA:84,9,1,4
BRDA:88,10,0,4
BRDA:88,10,1,3
BRDA:89,11,0,4
BRDA:89,11,1,3
BRDA:89,11,2,3
BRDA:92,12,0,1
BRDA:92,12,1,3
BRDA:92,13,0,4
BRDA:92,13,1,3
BRDA:92,13,2,2
BRDA:120,14,0,1
BRDA:120,14,1,1
BRDA:136,15,0,1
BRDA:136,15,1,6
BRDA:141,16,0,6
BRDA:141,16,1,5
BRDA:144,17,0,1
BRDA:144,17,1,5
BRDA:144,18,0,6
BRDA:144,18,1,2
BRDA:155,19,0,4
BRDA:155,19,1,1
BRDA:155,20,0,5
BRDA:155,20,1,4
BRDA:225,21,0,1
BRDA:225,21,1,1
BRF:46
BRH:46
end_of_record
TN:
SF:models\CoworkingSpace.js
FNF:0
FNH:0
DA:1,1
DA:3,1
DA:36,1
DA:43,1
LF:4
LH:4
BRF:0
BRH:0
end_of_record
TN:
SF:models\Reservation.js
FNF:0
FNH:0
DA:1,1
DA:3,1
DA:35,1
DA:36,1
DA:37,1
DA:39,1
LF:6
LH:6
BRF:0
BRH:0
end_of_record
TN:
SF:models\User.js
FN:47,(anonymous_0)
FN:53,(anonymous_1)
FN:61,(anonymous_2)
FNF:3
FNH:3
FNDA:1,(anonymous_0)
FNDA:1,(anonymous_1)
FNDA:1,(anonymous_2)
DA:1,2
DA:2,2
DA:3,2
DA:5,2
DA:47,2
DA:48,1
DA:49,1
DA:53,2
DA:54,1
DA:61,2
DA:62,1
DA:66,2
LF:12
LH:12
BRF:0
BRH:0
end_of_record
TN:
SF:utils\email.js
FN:3,(anonymous_0)
FNF:1
FNH:1
FNDA:2,(anonymous_0)
DA:1,2
DA:3,2
DA:4,2
DA:5,2
DA:13,2
DA:21,1
DA:25,2
LF:7
LH:7
BRDA:3,0,0,2
BRDA:7,1,0,2
BRDA:7,1,1,2
BRDA:14,2,0,2
BRDA:14,2,1,2
BRF:5
BRH:5
end_of_record
