TN:
SF:controllers/reports.js
FN:5,(anonymous_0)
FN:10,(anonymous_1)
FN:34,(anonymous_2)
FN:60,(anonymous_3)
FN:89,(anonymous_4)
FNF:5
FNH:5
FNDA:17,(anonymous_0)
FNDA:4,(anonymous_1)
FNDA:4,(anonymous_2)
FNDA:4,(anonymous_3)
FNDA:5,(anonymous_4)
DA:1,1
DA:2,1
DA:3,1
DA:5,17
DA:10,1
DA:11,4
DA:12,4
DA:13,3
DA:14,1
DA:17,2
DA:18,2
DA:19,2
DA:20,2
DA:22,2
DA:27,1
DA:34,1
DA:35,4
DA:36,4
DA:37,4
DA:38,1
DA:41,3
DA:42,2
DA:44,2
DA:45,2
DA:46,2
DA:48,2
DA:53,1
DA:60,1
DA:61,4
DA:62,4
DA:63,4
DA:64,1
DA:67,3
DA:71,3
DA:78,2
DA:79,2
DA:80,2
DA:82,1
DA:89,1
DA:90,5
DA:91,5
DA:92,5
DA:93,1
DA:96,4
DA:97,4
DA:98,4
DA:102,4
DA:110,3
DA:111,1
DA:116,1
DA:117,1
DA:120,3
DA:128,1
LF:53
LH:53
BRDA:13,0,0,1
BRDA:13,0,1,2
BRDA:17,1,0,2
BRDA:17,1,1,1
BRDA:19,2,0,2
BRDA:19,2,1,1
BRDA:20,3,0,2
BRDA:20,3,1,1
BRDA:37,4,0,1
BRDA:37,4,1,3
BRDA:41,5,0,3
BRDA:41,5,1,0
BRDA:42,6,0,1
BRDA:42,6,1,1
BRDA:63,7,0,1
BRDA:63,7,1,3
BRDA:67,8,0,1
BRDA:67,8,1,2
BRDA:92,9,0,1
BRDA:92,9,1,4
BRDA:97,10,0,4
BRDA:97,10,1,0
BRDA:98,11,0,1
BRDA:98,11,1,3
BRDA:110,12,0,1
BRDA:110,12,1,2
BRF:26
BRH:24
end_of_record
TN:
SF:services/reportDelivery.js
FN:5,(anonymous_0)
FN:10,(anonymous_1)
FN:25,(anonymous_2)
FN:41,(anonymous_3)
FNF:4
FNH:4
FNDA:4,(anonymous_0)
FNDA:2,(anonymous_1)
FNDA:4,(anonymous_2)
FNDA:5,(anonymous_3)
DA:1,3
DA:2,3
DA:3,3
DA:5,3
DA:6,4
DA:7,4
DA:10,3
DA:25,3
DA:26,4
DA:34,4
DA:41,3
DA:42,5
DA:43,2
DA:46,3
DA:47,1
DA:50,2
DA:58,2
DA:69,2
DA:75,3
LF:19
LH:19
BRDA:5,0,0,0
BRDA:25,1,0,1
BRDA:41,2,0,4
BRDA:42,3,0,2
BRDA:42,3,1,3
BRDA:42,4,0,5
BRDA:42,4,1,4
BRDA:46,5,0,1
BRDA:46,5,1,2
BRF:9
BRH:8
end_of_record
TN:
SF:services/reportScheduler.js
FN:10,(anonymous_0)
FN:48,(anonymous_1)
FN:53,(anonymous_2)
FN:73,(anonymous_3)
FNF:4
FNH:4
FNDA:7,(anonymous_0)
FNDA:6,(anonymous_1)
FNDA:4,(anonymous_2)
FNDA:6,(anonymous_3)
DA:1,6
DA:2,6
DA:3,6
DA:5,6
DA:7,6
DA:8,6
DA:10,6
DA:11,7
DA:17,6
DA:18,6
DA:20,6
DA:21,3
DA:23,3
DA:25,3
DA:26,3
DA:31,1
DA:33,2
DA:36,3
DA:41,3
DA:42,3
DA:45,6
DA:48,6
DA:49,6
DA:50,3
DA:53,3
DA:54,4
DA:56,3
DA:57,3
DA:58,3
DA:60,1
DA:62,3
DA:66,3
DA:67,3
DA:70,3
DA:73,6
DA:74,6
DA:75,3
DA:76,3
DA:80,6
LF:39
LH:39
BRDA:5,0,0,6
BRDA:5,0,1,4
BRDA:10,1,0,0
BRDA:23,2,0,3
BRDA:23,2,1,0
BRDA:33,3,0,2
BRDA:33,3,1,1
BRDA:49,4,0,3
BRDA:49,4,1,3
BRDA:49,5,0,6
BRDA:49,5,1,5
BRDA:49,5,2,4
BRDA:54,6,0,1
BRDA:54,6,1,3
BRDA:66,7,0,3
BRDA:66,7,1,0
BRDA:74,8,0,3
BRDA:74,8,1,3
BRF:18
BRH:15
end_of_record
TN:
SF:utils/reportPdf.js
FN:8,(anonymous_0)
FN:14,(anonymous_1)
FN:19,(anonymous_2)
FN:27,(anonymous_3)
FN:45,(anonymous_4)
FN:51,(anonymous_5)
FN:53,(anonymous_6)
FN:54,(anonymous_7)
FN:69,(anonymous_8)
FN:78,(anonymous_9)
FN:86,(anonymous_10)
FN:92,(anonymous_11)
FN:99,(anonymous_12)
FN:103,(anonymous_13)
FN:118,(anonymous_14)
FN:126,(anonymous_15)
FN:137,(anonymous_16)
FN:148,(anonymous_17)
FNF:18
FNH:18
FNDA:361,(anonymous_0)
FNDA:181,(anonymous_1)
FNDA:180,(anonymous_2)
FNDA:1376,(anonymous_3)
FNDA:24,(anonymous_4)
FNDA:8,(anonymous_5)
FNDA:180,(anonymous_6)
FNDA:181,(anonymous_7)
FNDA:6,(anonymous_8)
FNDA:6,(anonymous_9)
FNDA:64,(anonymous_10)
FNDA:5,(anonymous_11)
FNDA:8,(anonymous_12)
FNDA:181,(anonymous_13)
FNDA:9,(anonymous_14)
FNDA:181,(anonymous_15)
FNDA:8,(anonymous_16)
FNDA:9,(anonymous_17)
DA:1,4
DA:2,4
DA:3,4
DA:4,4
DA:5,4
DA:6,4
DA:8,361
DA:14,181
DA:19,4
DA:20,180
DA:21,180
DA:23,166
DA:24,166
DA:25,166
DA:27,166
DA:28,1376
DA:29,1376
DA:30,1
DA:31,1
DA:32,1
DA:35,1375
DA:38,166
DA:39,166
DA:42,166
DA:45,24
DA:51,4
DA:52,8
DA:53,8
DA:54,181
DA:57,8
DA:58,8
DA:59,8
DA:60,8
DA:61,8
DA:62,8
DA:64,8
DA:65,2
DA:66,2
DA:69,6
DA:70,6
DA:71,6
DA:72,6
DA:73,6
DA:74,6
DA:75,6
DA:77,6
DA:78,6
DA:80,6
DA:82,6
DA:83,6
DA:84,1
DA:86,5
DA:87,64
DA:91,6
DA:92,6
DA:93,6
DA:96,6
DA:99,4
DA:100,8
DA:101,8
DA:103,8
DA:104,181
DA:105,181
DA:106,1
DA:107,1
DA:111,8
DA:112,8
DA:115,8
DA:118,4
DA:119,9
DA:126,9
DA:127,181
DA:128,181
DA:129,172
DA:133,9
DA:134,9
DA:137,4
DA:138,8
DA:139,8
DA:140,8
DA:142,8
DA:143,8
DA:145,8
DA:146,8
DA:148,8
DA:149,9
DA:150,9
DA:151,9
DA:153,9
DA:154,9
DA:155,9
DA:156,9
DA:159,8
DA:161,8
DA:162,8
DA:164,8
DA:167,42
DA:168,42
DA:171,8
DA:172,8
DA:173,8
DA:175,8
DA:178,42
DA:181,8
DA:183,8
DA:186,4
LF:106
LH:106
BRDA:8,0,0,361
BRDA:8,0,1,0
BRDA:19,1,0,180
BRDA:21,2,0,14
BRDA:21,2,1,166
BRDA:28,3,0,1210
BRDA:28,3,1,166
BRDA:29,4,0,1
BRDA:29,4,1,1375
BRDA:29,5,0,1376
BRDA:29,5,1,1
BRDA:38,6,0,166
BRDA:38,6,1,0
BRDA:53,7,0,0
BRDA:58,8,0,8
BRDA:58,8,1,2
BRDA:64,9,0,2
BRDA:64,9,1,6
BRDA:77,10,0,5
BRDA:77,10,1,1
BRDA:83,11,0,1
BRDA:83,11,1,5
BRDA:105,12,0,1
BRDA:105,12,1,180
BRDA:111,13,0,8
BRDA:111,13,1,0
BRDA:115,14,0,8
BRDA:115,14,1,0
BRDA:128,15,0,172
BRDA:128,15,1,9
BRF:30
BRH:25
end_of_record
TN:
SF:utils/reportSchedule.js
FN:16,(anonymous_0)
FN:18,(anonymous_1)
FN:24,(anonymous_2)
FN:30,(anonymous_3)
FN:39,(anonymous_4)
FN:53,(anonymous_5)
FN:53,(anonymous_6)
FN:66,(anonymous_7)
FN:93,(anonymous_8)
FN:104,(anonymous_9)
FN:114,(anonymous_10)
FN:116,(anonymous_11)
FN:155,(anonymous_12)
FNF:13
FNH:13
FNDA:14,(anonymous_0)
FNDA:380,(anonymous_1)
FNDA:124,(anonymous_2)
FNDA:39,(anonymous_3)
FNDA:39,(anonymous_4)
FNDA:273,(anonymous_5)
FNDA:1911,(anonymous_6)
FNDA:22,(anonymous_7)
FNDA:10,(anonymous_8)
FNDA:2,(anonymous_9)
FNDA:6,(anonymous_10)
FNDA:38,(anonymous_11)
FNDA:15,(anonymous_12)
DA:1,11
DA:2,11
DA:3,11
DA:4,11
DA:5,11
DA:6,11
DA:16,14
DA:18,11
DA:19,380
DA:20,93
DA:21,93
DA:24,11
DA:25,124
DA:26,5
DA:30,11
DA:31,39
DA:32,39
DA:33,37
DA:35,2
DA:39,11
DA:40,39
DA:52,39
DA:53,1911
DA:55,39
DA:66,11
DA:67,22
DA:69,22
DA:70,25
DA:71,25
DA:79,25
DA:80,25
DA:82,25
DA:83,22
DA:86,3
DA:93,11
DA:94,10
DA:95,10
DA:97,10
DA:104,11
DA:105,2
DA:106,2
DA:108,2
DA:114,11
DA:116,11
DA:117,38
DA:132,38
DA:133,2
DA:136,36
DA:137,1
DA:140,35
DA:141,34
DA:142,33
DA:144,32
DA:145,16
DA:148,31
DA:149,6
DA:152,30
DA:155,11
DA:156,15
DA:157,15
DA:158,1
DA:161,14
DA:162,14
DA:163,1
DA:166,13
DA:169,13
DA:170,5
DA:178,5
DA:179,4
DA:180,4
DA:187,5
DA:190,8
DA:191,4
DA:192,4
DA:193,4
DA:199,4
DA:200,2
DA:201,2
DA:208,4
DA:211,4
DA:216,4
DA:224,4
DA:225,2
DA:226,2
DA:231,2
DA:240,4
DA:243,11
LF:87
LH:87
BRDA:1,0,0,11
BRDA:1,0,1,11
BRDA:16,1,0,14
BRDA:16,1,1,14
BRDA:19,2,0,287
BRDA:19,2,1,93
BRDA:19,3,0,380
BRDA:19,3,1,95
BRDA:19,3,2,94
BRDA:21,4,0,92
BRDA:21,4,1,1
BRDA:25,5,0,5
BRDA:25,5,1,119
BRDA:25,6,0,124
BRDA:25,6,1,124
BRDA:25,6,2,123
BRDA:39,7,0,0
BRDA:66,8,0,22
BRDA:82,9,0,22
BRDA:82,9,1,3
BRDA:116,10,0,1
BRDA:116,11,0,26
BRDA:118,12,0,3
BRDA:118,12,1,35
BRDA:121,13,0,38
BRDA:121,13,1,32
BRDA:121,13,2,10
BRDA:124,14,0,38
BRDA:124,14,1,35
BRDA:124,14,2,14
BRDA:128,15,0,38
BRDA:128,15,1,36
BRDA:129,16,0,38
BRDA:129,16,1,29
BRDA:132,17,0,2
BRDA:132,17,1,36
BRDA:136,18,0,1
BRDA:136,18,1,35
BRDA:144,19,0,16
BRDA:144,19,1,16
BRDA:148,20,0,6
BRDA:148,20,1,25
BRDA:155,21,0,1
BRDA:157,22,0,1
BRDA:157,22,1,14
BRDA:162,23,0,1
BRDA:162,23,1,13
BRDA:169,24,0,5
BRDA:169,24,1,8
BRDA:178,25,0,4
BRDA:178,25,1,1
BRDA:190,26,0,4
BRDA:190,26,1,4
BRDA:199,27,0,2
BRDA:199,27,1,2
BRDA:224,28,0,2
BRDA:224,28,1,2
BRF:57
BRH:56
end_of_record
